
============================================================
--- –ù–∞—á–∏–Ω–∞–µ—Ç—Å—è –Ω–æ–≤—ã–π —Å–µ–∞–Ω—Å –æ—Ç–ª–∞–¥–∫–∏ [2025-07-11 14:44:09.470994] ---
[2025-07-11 14:44:09.468955] –ü–æ–∏—Å–∫ ffmpeg: –ü—Ä–æ–≤–µ—Ä—è–µ–º –ª–æ–∫–∞–ª—å–Ω—ã–π –ø—É—Ç—å: C:\Users\TeplyakovAV\VDL\ffmpeg.exe
[2025-07-11 14:44:09.478615] –ü–æ–∏—Å–∫ ffmpeg: –ü—Ä–æ–≤–µ—Ä—è–µ–º —Å–∏—Å—Ç–µ–º–Ω—ã–π PATH: C:\WINDOWS\system32\ffmpeg.EXE
[2025-07-11 14:44:09.479582] FFmpeg –Ω–∞–π–¥–µ–Ω –≤ —Å–∏—Å—Ç–µ–º–Ω–æ–º PATH: C:\WINDOWS\system32\ffmpeg.EXE
[2025-07-11 14:44:11.811855] –í–≤–µ–¥–µ–Ω–∞ —Å—Å—ã–ª–∫–∞: https://www.youtube.com/playlist?list=PL_saLI-LH-Vr-zw0pkQIBNGbpzalH-XLO
[2025-07-11 14:44:11.813473] –û–ø—Ä–µ–¥–µ–ª–µ–Ω–∞ –ø–ª–∞—Ç—Ñ–æ—Ä–º–∞: youtube –¥–ª—è URL: https://www.youtube.com/playlist?list=PL_saLI-LH-Vr-zw0pkQIBNGbpzalH-XLO
[2025-07-11 14:44:13.319754] –§–∞–π–ª –∫—É–∫–æ–≤ 'cookies_yt.txt' —Å—É—â–µ—Å—Ç–≤—É–µ—Ç –∏ –ø—Ä–æ—à—ë–ª –ø—Ä–æ–≤–µ—Ä–∫—É. –ò—Å–ø–æ–ª—å–∑—É–µ–º –µ–≥–æ.
[2025-07-11 14:44:13.320487] get_video_info: –ò—Å–ø–æ–ª—å–∑—É–µ–º cookiefile: cookies_yt.txt
[2025-07-11 14:44:13.321188] get_video_info: –ó–∞–ø—Ä–æ—Å –∏–Ω—Ñ–æ—Ä–º–∞—Ü–∏–∏ –¥–ª—è URL: https://www.youtube.com/playlist?list=PL_saLI-LH-Vr-zw0pkQIBNGbpzalH-XLO —Å –æ–ø—Ü–∏—è–º–∏: {'quiet': True, 'skip_download': True, 'extract_flat': True, 'cookiefile': 'cookies_yt.txt'}
[2025-07-11 14:44:17.816149] get_video_info: –ü–æ–ª—É—á–µ–Ω–∞ –∏–Ω—Ñ–æ—Ä–º–∞—Ü–∏—è –æ –≤–∏–¥–µ–æ. Title: Honest Ads (Now on its very own Channel!), ID: PL_saLI-LH-Vr-zw0pkQIBNGbpzalH-XLO
[2025-07-11 14:44:17.955250] –û–±–Ω–∞—Ä—É–∂–µ–Ω –ø–ª–µ–π–ª–∏—Å—Ç. –ö–æ–ª–∏—á–µ—Å—Ç–≤–æ –≤–∏–¥–µ–æ: 79
[2025-07-11 14:44:20.636865] –í—ã–±—Ä–∞–Ω—ã –Ω–æ–º–µ—Ä–∞ –≤–∏–¥–µ–æ –¥–ª—è —Å–∫–∞—á–∏–≤–∞–Ω–∏—è: [7, 8, 9, 10, 11, 12, 13, 14, 15, 16, 17, 18, 19, 20, 21, 22, 23, 24, 25, 26, 27, 28, 29, 30, 31, 32, 33, 34, 35, 36, 37, 38, 39, 40, 41, 42, 43, 44, 45, 46, 47, 48, 49, 50, 51, 52, 53, 54, 55, 56, 57, 58, 59, 60, 61, 62, 63, 64, 65, 66, 67, 68, 69, 70, 71, 72, 73, 74, 75, 76, 77, 78, 79]
[2025-07-11 14:44:22.354926] –§–∞–π–ª –∫—É–∫–æ–≤ 'cookies_yt.txt' —Å—É—â–µ—Å—Ç–≤—É–µ—Ç –∏ –ø—Ä–æ—à—ë–ª –ø—Ä–æ–≤–µ—Ä–∫—É. –ò—Å–ø–æ–ª—å–∑—É–µ–º –µ–≥–æ.
[2025-07-11 14:44:22.355946] get_video_info: –ò—Å–ø–æ–ª—å–∑—É–µ–º cookiefile: cookies_yt.txt
[2025-07-11 14:44:22.356614] get_video_info: –ó–∞–ø—Ä–æ—Å –∏–Ω—Ñ–æ—Ä–º–∞—Ü–∏–∏ –¥–ª—è URL: https://www.youtube.com/watch?v=75gwlQlMLbk —Å –æ–ø—Ü–∏—è–º–∏: {'quiet': True, 'skip_download': True, 'extract_flat': True, 'cookiefile': 'cookies_yt.txt'}
[2025-07-11 14:44:33.170458] get_video_info: –ü–æ–ª—É—á–µ–Ω–∞ –∏–Ω—Ñ–æ—Ä–º–∞—Ü–∏—è –æ –≤–∏–¥–µ–æ. Title: If Cell Phone Commercials Were Honest - Honest Ads (iPhone, Android), ID: 75gwlQlMLbk
[2025-07-11 14:44:38.507212] –í—ã–±—Ä–∞–Ω –≤–∏–¥–µ–æ—Ñ–æ—Ä–º–∞—Ç: id=137, ext=mp4, vcodec=avc1.640028
[2025-07-11 14:44:39.812420] –í—ã–±—Ä–∞–Ω –∞—É–¥–∏–æ: id=140, ext=m4a, acodec=mp4a.40.2
[2025-07-11 14:44:50.754066] –ù–∞—á–∞–ª—å–Ω—ã–π/–¥–µ—Ñ–æ–ª—Ç–Ω—ã–π –≤—ã—Ö–æ–¥–Ω–æ–π —Ñ–æ—Ä–º–∞—Ç: mp4 (–∏–Ω–¥–µ–∫—Å 0)
[2025-07-11 14:44:51.629718] –í—ã–±—Ä–∞–Ω —Ñ–æ—Ä–º–∞—Ç –ø–æ —É–º–æ–ª—á–∞–Ω–∏—é: mp4
[2025-07-11 14:44:51.630946] –ò–Ω—Ç–µ–≥—Ä–∞—Ü–∏—è —Å—É–±—Ç–∏—Ç—Ä–æ–≤: False, —è–∑—ã–∫–∏: [], keep files: True
[2025-07-11 14:44:51.631972] –û—Ä–∏–≥–∏–Ω–∞–ª—å–Ω–æ–µ –Ω–∞–∑–≤–∞–Ω–∏–µ –≤–∏–¥–µ–æ: 'If Cell Phone Commercials Were Honest - Honest Ads (iPhone, Android)', –ë–µ–∑–æ–ø–∞—Å–Ω–æ–µ –Ω–∞–∑–≤–∞–Ω–∏–µ: 'If Cell Phone Commercials Were Honest - Honest Ads (iPhone, Android)'
[2025-07-11 14:44:51.632760] –ü—Ä–µ–¥–ª–∞–≥–∞–µ–º–æ–µ –∏–º—è —Ñ–∞–π–ª–∞ (–ø–æ —É–º–æ–ª—á–∞–Ω–∏—é): If Cell Phone Commercials Were Honest - Honest Ads (iPhone, Android)
[2025-07-11 14:44:51.633662] –ü—Ä–æ–≤–µ—Ä–∫–∞ –∏–º–µ–Ω–∏ —Ñ–∞–π–ª–∞: F:/Video/Honest ADs (cracked_com)\If Cell Phone Commercials Were Honest - Honest Ads (iPhone, Android).mp4
[2025-07-11 14:44:53.028052] –§–∞–π–ª 'F:/Video/Honest ADs (cracked_com)\If Cell Phone Commercials Were Honest - Honest Ads (iPhone, Android).mp4' –Ω–µ —Å—É—â–µ—Å—Ç–≤—É–µ—Ç. –ò—Å–ø–æ–ª—å–∑—É–µ–º —ç—Ç–æ –∏–º—è.
[2025-07-11 14:44:53.030103] –§–∏–Ω–∞–ª—å–Ω–æ–µ –∏–º—è —Ñ–∞–π–ª–∞, –≤—ã–±—Ä–∞–Ω–Ω–æ–µ –ø–æ–ª—å–∑–æ–≤–∞—Ç–µ–ª–µ–º: 'If Cell Phone Commercials Were Honest - Honest Ads (iPhone, Android)'
[2025-07-11 14:44:53.030784] subtitle_options –ø–µ—Ä–µ–¥–∞–Ω—ã: None
[2025-07-11 14:44:53.031336] yt‚Äëdlp outtmpl: F:/Video/Honest ADs (cracked_com)\If Cell Phone Commercials Were Honest - Honest Ads (iPhone, Android).%(ext)s
[2025-07-11 14:44:53.031870] –ü–æ–∏—Å–∫ ffmpeg: –ü—Ä–æ–≤–µ—Ä—è–µ–º –ª–æ–∫–∞–ª—å–Ω—ã–π –ø—É—Ç—å: C:\Users\TeplyakovAV\VDL\ffmpeg.exe
[2025-07-11 14:44:53.039563] –ü–æ–∏—Å–∫ ffmpeg: –ü—Ä–æ–≤–µ—Ä—è–µ–º —Å–∏—Å—Ç–µ–º–Ω—ã–π PATH: C:\WINDOWS\system32\ffmpeg.EXE
[2025-07-11 14:44:53.040377] FFmpeg –Ω–∞–π–¥–µ–Ω –≤ —Å–∏—Å—Ç–µ–º–Ω–æ–º PATH: C:\WINDOWS\system32\ffmpeg.EXE
[2025-07-11 14:44:53.040960] –í—ã–±—Ä–∞–Ω–æ –¥–≤–∞ –ø–æ—Ç–æ–∫–∞: 137+140
[2025-07-11 14:44:53.041592] merge_output_format = mp4
[2025-07-11 14:44:53.042223] cookiefile = cookies_yt.txt
[2025-07-11 14:44:53.043035] –ó–∞–ø—É—Å–∫ yt‚Äëdlp, –ø–æ–ø—ã—Ç–∫–∞ 1/15: {'format': '137+140', 'outtmpl': 'F:/Video/Honest ADs (cracked_com)\\If Cell Phone Commercials Were Honest - Honest Ads (iPhone, Android).%(ext)s', 'quiet': False, 'ffmpeg_location': 'C:\\WINDOWS\\system32\\ffmpeg.EXE', 'overwrites': True, 'continuedl': True, 'writedescription': False, 'writeinfojson': False, 'writesubtitles': False, 'progress_hooks': [<function download_video.<locals>.phook at 0x000001F199534A40>], 'merge_output_format': 'mp4', 'cookiefile': 'cookies_yt.txt'}
[2025-07-11 14:46:45.818630] –§–∞–π–ª —Å–∫–∞—á–∞–Ω: F:\Video\Honest ADs (cracked_com)\If Cell Phone Commercials Were Honest - Honest Ads (iPhone, Android).f137.mp4
[2025-07-11 14:46:57.198151] –§–∞–π–ª —Å–∫–∞—á–∞–Ω: F:\Video\Honest ADs (cracked_com)\If Cell Phone Commercials Were Honest - Honest Ads (iPhone, Android).f140.m4a
[2025-07-11 14:47:09.466212] –§–∞–π–ª –∫—É–∫–æ–≤ 'cookies_yt.txt' —Å—É—â–µ—Å—Ç–≤—É–µ—Ç –∏ –ø—Ä–æ—à—ë–ª –ø—Ä–æ–≤–µ—Ä–∫—É. –ò—Å–ø–æ–ª—å–∑—É–µ–º –µ–≥–æ.
[2025-07-11 14:47:09.466761] get_video_info: –ò—Å–ø–æ–ª—å–∑—É–µ–º cookiefile: cookies_yt.txt
[2025-07-11 14:47:09.467358] get_video_info: –ó–∞–ø—Ä–æ—Å –∏–Ω—Ñ–æ—Ä–º–∞—Ü–∏–∏ –¥–ª—è URL: https://www.youtube.com/watch?v=ngEhgqGlyjQ —Å –æ–ø—Ü–∏—è–º–∏: {'quiet': True, 'skip_download': True, 'extract_flat': True, 'cookiefile': 'cookies_yt.txt'}
[2025-07-11 14:47:16.606635] get_video_info: –ü–æ–ª—É—á–µ–Ω–∞ –∏–Ω—Ñ–æ—Ä–º–∞—Ü–∏—è –æ –≤–∏–¥–µ–æ. Title: If Video Game Commercials Were Honest - Honest Ads (Playstation X-Box Gamer Video Games Parody), ID: ngEhgqGlyjQ
[2025-07-11 14:47:16.611382] –û—Ä–∏–≥–∏–Ω–∞–ª—å–Ω–æ–µ –Ω–∞–∑–≤–∞–Ω–∏–µ –≤–∏–¥–µ–æ: 'If Video Game Commercials Were Honest - Honest Ads (Playstation X-Box Gamer Video Games Parody)', –ë–µ–∑–æ–ø–∞—Å–Ω–æ–µ –Ω–∞–∑–≤–∞–Ω–∏–µ: 'If Video Game Commercials Were Honest - Honest Ads (Playstation X-Box Gamer Video Games Parody)'
[2025-07-11 14:47:16.612292] –§–∏–Ω–∞–ª—å–Ω–æ–µ –∏–º—è —Ñ–∞–π–ª–∞ (–∞–≤—Ç–æ–º–∞—Ç–∏—á–µ—Å–∫–∏): 'If Video Game Commercials Were Honest - Honest Ads (Playstation X-Box Gamer Video Games Parody)' (–∞–≤—Ç–æ–º–∞—Ç–∏—á–µ—Å–∫–∏–π —Ä–µ–∂–∏–º)
[2025-07-11 14:47:16.612963] subtitle_options –ø–µ—Ä–µ–¥–∞–Ω—ã: None
[2025-07-11 14:47:16.613689] yt‚Äëdlp outtmpl: F:/Video/Honest ADs (cracked_com)\If Video Game Commercials Were Honest - Honest Ads (Playstation X-Box Gamer Video Games Parody).%(ext)s
[2025-07-11 14:47:16.614427] –ü–æ–∏—Å–∫ ffmpeg: –ü—Ä–æ–≤–µ—Ä—è–µ–º –ª–æ–∫–∞–ª—å–Ω—ã–π –ø—É—Ç—å: C:\Users\TeplyakovAV\VDL\ffmpeg.exe
[2025-07-11 14:47:16.623950] –ü–æ–∏—Å–∫ ffmpeg: –ü—Ä–æ–≤–µ—Ä—è–µ–º —Å–∏—Å—Ç–µ–º–Ω—ã–π PATH: C:\WINDOWS\system32\ffmpeg.EXE
[2025-07-11 14:47:16.624800] FFmpeg –Ω–∞–π–¥–µ–Ω –≤ —Å–∏—Å—Ç–µ–º–Ω–æ–º PATH: C:\WINDOWS\system32\ffmpeg.EXE
[2025-07-11 14:47:16.625754] –í—ã–±—Ä–∞–Ω–æ –¥–≤–∞ –ø–æ—Ç–æ–∫–∞: 137+140
[2025-07-11 14:47:16.626713] merge_output_format = mp4
[2025-07-11 14:47:16.627512] cookiefile = cookies_yt.txt
[2025-07-11 14:47:16.628662] –ó–∞–ø—É—Å–∫ yt‚Äëdlp, –ø–æ–ø—ã—Ç–∫–∞ 1/15: {'format': '137+140', 'outtmpl': 'F:/Video/Honest ADs (cracked_com)\\If Video Game Commercials Were Honest - Honest Ads (Playstation X-Box Gamer Video Games Parody).%(ext)s', 'quiet': False, 'ffmpeg_location': 'C:\\WINDOWS\\system32\\ffmpeg.EXE', 'overwrites': True, 'continuedl': True, 'writedescription': False, 'writeinfojson': False, 'writesubtitles': False, 'progress_hooks': [<function download_video.<locals>.phook at 0x000001F19B59E3E0>], 'merge_output_format': 'mp4', 'cookiefile': 'cookies_yt.txt'}
[2025-07-11 14:49:42.617357] –§–∞–π–ª —Å–∫–∞—á–∞–Ω: F:\Video\Honest ADs (cracked_com)\If Video Game Commercials Were Honest - Honest Ads (Playstation X-Box Gamer Video Games Parody).f137.mp4
[2025-07-11 14:49:55.596173] –§–∞–π–ª —Å–∫–∞—á–∞–Ω: F:\Video\Honest ADs (cracked_com)\If Video Game Commercials Were Honest - Honest Ads (Playstation X-Box Gamer Video Games Parody).f140.m4a
[2025-07-11 14:50:12.935637] –§–∞–π–ª –∫—É–∫–æ–≤ 'cookies_yt.txt' —Å—É—â–µ—Å—Ç–≤—É–µ—Ç –∏ –ø—Ä–æ—à—ë–ª –ø—Ä–æ–≤–µ—Ä–∫—É. –ò—Å–ø–æ–ª—å–∑—É–µ–º –µ–≥–æ.
[2025-07-11 14:50:12.936213] get_video_info: –ò—Å–ø–æ–ª—å–∑—É–µ–º cookiefile: cookies_yt.txt
[2025-07-11 14:50:12.936792] get_video_info: –ó–∞–ø—Ä–æ—Å –∏–Ω—Ñ–æ—Ä–º–∞—Ü–∏–∏ –¥–ª—è URL: https://www.youtube.com/watch?v=61iKnKtwpUM —Å –æ–ø—Ü–∏—è–º–∏: {'quiet': True, 'skip_download': True, 'extract_flat': True, 'cookiefile': 'cookies_yt.txt'}
[2025-07-11 14:50:20.603540] get_video_info: –ü–æ–ª—É—á–µ–Ω–∞ –∏–Ω—Ñ–æ—Ä–º–∞—Ü–∏—è –æ –≤–∏–¥–µ–æ. Title: If Gyms Were Honest - Honest Ads, ID: 61iKnKtwpUM
[2025-07-11 14:50:20.612356] –û—Ä–∏–≥–∏–Ω–∞–ª—å–Ω–æ–µ –Ω–∞–∑–≤–∞–Ω–∏–µ –≤–∏–¥–µ–æ: 'If Gyms Were Honest - Honest Ads', –ë–µ–∑–æ–ø–∞—Å–Ω–æ–µ –Ω–∞–∑–≤–∞–Ω–∏–µ: 'If Gyms Were Honest - Honest Ads'
[2025-07-11 14:50:20.613531] –§–∏–Ω–∞–ª—å–Ω–æ–µ –∏–º—è —Ñ–∞–π–ª–∞ (–∞–≤—Ç–æ–º–∞—Ç–∏—á–µ—Å–∫–∏): 'If Gyms Were Honest - Honest Ads' (–∞–≤—Ç–æ–º–∞—Ç–∏—á–µ—Å–∫–∏–π —Ä–µ–∂–∏–º)
[2025-07-11 14:50:20.614295] subtitle_options –ø–µ—Ä–µ–¥–∞–Ω—ã: None
[2025-07-11 14:50:20.614777] yt‚Äëdlp outtmpl: F:/Video/Honest ADs (cracked_com)\If Gyms Were Honest - Honest Ads.%(ext)s
[2025-07-11 14:50:20.615340] –ü–æ–∏—Å–∫ ffmpeg: –ü—Ä–æ–≤–µ—Ä—è–µ–º –ª–æ–∫–∞–ª—å–Ω—ã–π –ø—É—Ç—å: C:\Users\TeplyakovAV\VDL\ffmpeg.exe
[2025-07-11 14:50:20.622473] –ü–æ–∏—Å–∫ ffmpeg: –ü—Ä–æ–≤–µ—Ä—è–µ–º —Å–∏—Å—Ç–µ–º–Ω—ã–π PATH: C:\WINDOWS\system32\ffmpeg.EXE
[2025-07-11 14:50:20.623320] FFmpeg –Ω–∞–π–¥–µ–Ω –≤ —Å–∏—Å—Ç–µ–º–Ω–æ–º PATH: C:\WINDOWS\system32\ffmpeg.EXE
[2025-07-11 14:50:20.623981] –í—ã–±—Ä–∞–Ω–æ –¥–≤–∞ –ø–æ—Ç–æ–∫–∞: 137+140
[2025-07-11 14:50:20.624650] merge_output_format = mp4
[2025-07-11 14:50:20.625317] cookiefile = cookies_yt.txt
[2025-07-11 14:50:20.626525] –ó–∞–ø—É—Å–∫ yt‚Äëdlp, –ø–æ–ø—ã—Ç–∫–∞ 1/15: {'format': '137+140', 'outtmpl': 'F:/Video/Honest ADs (cracked_com)\\If Gyms Were Honest - Honest Ads.%(ext)s', 'quiet': False, 'ffmpeg_location': 'C:\\WINDOWS\\system32\\ffmpeg.EXE', 'overwrites': True, 'continuedl': True, 'writedescription': False, 'writeinfojson': False, 'writesubtitles': False, 'progress_hooks': [<function download_video.<locals>.phook at 0x000001F19B5E1120>], 'merge_output_format': 'mp4', 'cookiefile': 'cookies_yt.txt'}
[2025-07-11 14:52:07.675063] –§–∞–π–ª —Å–∫–∞—á–∞–Ω: F:\Video\Honest ADs (cracked_com)\If Gyms Were Honest - Honest Ads.f137.mp4
[2025-07-11 14:52:18.907921] –§–∞–π–ª —Å–∫–∞—á–∞–Ω: F:\Video\Honest ADs (cracked_com)\If Gyms Were Honest - Honest Ads.f140.m4a
[2025-07-11 14:52:30.381352] –§–∞–π–ª –∫—É–∫–æ–≤ 'cookies_yt.txt' —Å—É—â–µ—Å—Ç–≤—É–µ—Ç –∏ –ø—Ä–æ—à—ë–ª –ø—Ä–æ–≤–µ—Ä–∫—É. –ò—Å–ø–æ–ª—å–∑—É–µ–º –µ–≥–æ.
[2025-07-11 14:52:30.382312] get_video_info: –ò—Å–ø–æ–ª—å–∑—É–µ–º cookiefile: cookies_yt.txt
[2025-07-11 14:52:30.383153] get_video_info: –ó–∞–ø—Ä–æ—Å –∏–Ω—Ñ–æ—Ä–º–∞—Ü–∏–∏ –¥–ª—è URL: https://www.youtube.com/watch?v=RBWywYirukE —Å –æ–ø—Ü–∏—è–º–∏: {'quiet': True, 'skip_download': True, 'extract_flat': True, 'cookiefile': 'cookies_yt.txt'}
[2025-07-11 14:52:37.705184] get_video_info: –ü–æ–ª—É—á–µ–Ω–∞ –∏–Ω—Ñ–æ—Ä–º–∞—Ü–∏—è –æ –≤–∏–¥–µ–æ. Title: If Smart Watch Commercials Were Honest - Honest Ads, ID: RBWywYirukE
[2025-07-11 14:52:37.708911] –û—Ä–∏–≥–∏–Ω–∞–ª—å–Ω–æ–µ –Ω–∞–∑–≤–∞–Ω–∏–µ –≤–∏–¥–µ–æ: 'If Smart Watch Commercials Were Honest - Honest Ads', –ë–µ–∑–æ–ø–∞—Å–Ω–æ–µ –Ω–∞–∑–≤–∞–Ω–∏–µ: 'If Smart Watch Commercials Were Honest - Honest Ads'
[2025-07-11 14:52:37.709657] –§–∏–Ω–∞–ª—å–Ω–æ–µ –∏–º—è —Ñ–∞–π–ª–∞ (–∞–≤—Ç–æ–º–∞—Ç–∏—á–µ—Å–∫–∏): 'If Smart Watch Commercials Were Honest - Honest Ads' (–∞–≤—Ç–æ–º–∞—Ç–∏—á–µ—Å–∫–∏–π —Ä–µ–∂–∏–º)
[2025-07-11 14:52:37.710107] subtitle_options –ø–µ—Ä–µ–¥–∞–Ω—ã: None
[2025-07-11 14:52:37.710661] yt‚Äëdlp outtmpl: F:/Video/Honest ADs (cracked_com)\If Smart Watch Commercials Were Honest - Honest Ads.%(ext)s
[2025-07-11 14:52:37.711149] –ü–æ–∏—Å–∫ ffmpeg: –ü—Ä–æ–≤–µ—Ä—è–µ–º –ª–æ–∫–∞–ª—å–Ω—ã–π –ø—É—Ç—å: C:\Users\TeplyakovAV\VDL\ffmpeg.exe
[2025-07-11 14:52:37.715719] –ü–æ–∏—Å–∫ ffmpeg: –ü—Ä–æ–≤–µ—Ä—è–µ–º —Å–∏—Å—Ç–µ–º–Ω—ã–π PATH: C:\WINDOWS\system32\ffmpeg.EXE
[2025-07-11 14:52:37.716243] FFmpeg –Ω–∞–π–¥–µ–Ω –≤ —Å–∏—Å—Ç–µ–º–Ω–æ–º PATH: C:\WINDOWS\system32\ffmpeg.EXE
[2025-07-11 14:52:37.716661] –í—ã–±—Ä–∞–Ω–æ –¥–≤–∞ –ø–æ—Ç–æ–∫–∞: 137+140
[2025-07-11 14:52:37.717090] merge_output_format = mp4
[2025-07-11 14:52:37.717631] cookiefile = cookies_yt.txt
[2025-07-11 14:52:37.718284] –ó–∞–ø—É—Å–∫ yt‚Äëdlp, –ø–æ–ø—ã—Ç–∫–∞ 1/15: {'format': '137+140', 'outtmpl': 'F:/Video/Honest ADs (cracked_com)\\If Smart Watch Commercials Were Honest - Honest Ads.%(ext)s', 'quiet': False, 'ffmpeg_location': 'C:\\WINDOWS\\system32\\ffmpeg.EXE', 'overwrites': True, 'continuedl': True, 'writedescription': False, 'writeinfojson': False, 'writesubtitles': False, 'progress_hooks': [<function download_video.<locals>.phook at 0x000001F19B5AC2C0>], 'merge_output_format': 'mp4', 'cookiefile': 'cookies_yt.txt'}
[2025-07-11 14:54:36.132715] –§–∞–π–ª —Å–∫–∞—á–∞–Ω: F:\Video\Honest ADs (cracked_com)\If Smart Watch Commercials Were Honest - Honest Ads.f137.mp4
[2025-07-11 14:54:46.656110] –§–∞–π–ª —Å–∫–∞—á–∞–Ω: F:\Video\Honest ADs (cracked_com)\If Smart Watch Commercials Were Honest - Honest Ads.f140.m4a
[2025-07-11 14:55:01.449269] –§–∞–π–ª –∫—É–∫–æ–≤ 'cookies_yt.txt' —Å—É—â–µ—Å—Ç–≤—É–µ—Ç –∏ –ø—Ä–æ—à—ë–ª –ø—Ä–æ–≤–µ—Ä–∫—É. –ò—Å–ø–æ–ª—å–∑—É–µ–º –µ–≥–æ.
[2025-07-11 14:55:01.449814] get_video_info: –ò—Å–ø–æ–ª—å–∑—É–µ–º cookiefile: cookies_yt.txt
[2025-07-11 14:55:01.450288] get_video_info: –ó–∞–ø—Ä–æ—Å –∏–Ω—Ñ–æ—Ä–º–∞—Ü–∏–∏ –¥–ª—è URL: https://www.youtube.com/watch?v=giu23Ii3PAA —Å –æ–ø—Ü–∏—è–º–∏: {'quiet': True, 'skip_download': True, 'extract_flat': True, 'cookiefile': 'cookies_yt.txt'}
[2025-07-11 14:55:08.395486] get_video_info: –ü–æ–ª—É—á–µ–Ω–∞ –∏–Ω—Ñ–æ—Ä–º–∞—Ü–∏—è –æ –≤–∏–¥–µ–æ. Title: If Jewelry Commercials Were Honest, ID: giu23Ii3PAA
[2025-07-11 14:55:08.399108] –û—Ä–∏–≥–∏–Ω–∞–ª—å–Ω–æ–µ –Ω–∞–∑–≤–∞–Ω–∏–µ –≤–∏–¥–µ–æ: 'If Jewelry Commercials Were Honest', –ë–µ–∑–æ–ø–∞—Å–Ω–æ–µ –Ω–∞–∑–≤–∞–Ω–∏–µ: 'If Jewelry Commercials Were Honest'
[2025-07-11 14:55:08.399802] –§–∏–Ω–∞–ª—å–Ω–æ–µ –∏–º—è —Ñ–∞–π–ª–∞ (–∞–≤—Ç–æ–º–∞—Ç–∏—á–µ—Å–∫–∏): 'If Jewelry Commercials Were Honest' (–∞–≤—Ç–æ–º–∞—Ç–∏—á–µ—Å–∫–∏–π —Ä–µ–∂–∏–º)
[2025-07-11 14:55:08.400246] subtitle_options –ø–µ—Ä–µ–¥–∞–Ω—ã: None
[2025-07-11 14:55:08.400740] yt‚Äëdlp outtmpl: F:/Video/Honest ADs (cracked_com)\If Jewelry Commercials Were Honest.%(ext)s
[2025-07-11 14:55:08.401193] –ü–æ–∏—Å–∫ ffmpeg: –ü—Ä–æ–≤–µ—Ä—è–µ–º –ª–æ–∫–∞–ª—å–Ω—ã–π –ø—É—Ç—å: C:\Users\TeplyakovAV\VDL\ffmpeg.exe
[2025-07-11 14:55:08.406294] –ü–æ–∏—Å–∫ ffmpeg: –ü—Ä–æ–≤–µ—Ä—è–µ–º —Å–∏—Å—Ç–µ–º–Ω—ã–π PATH: C:\WINDOWS\system32\ffmpeg.EXE
[2025-07-11 14:55:08.406906] FFmpeg –Ω–∞–π–¥–µ–Ω –≤ —Å–∏—Å—Ç–µ–º–Ω–æ–º PATH: C:\WINDOWS\system32\ffmpeg.EXE
[2025-07-11 14:55:08.407373] –í—ã–±—Ä–∞–Ω–æ –¥–≤–∞ –ø–æ—Ç–æ–∫–∞: 137+140
[2025-07-11 14:55:08.407841] merge_output_format = mp4
[2025-07-11 14:55:08.408305] cookiefile = cookies_yt.txt
[2025-07-11 14:55:08.408976] –ó–∞–ø—É—Å–∫ yt‚Äëdlp, –ø–æ–ø—ã—Ç–∫–∞ 1/15: {'format': '137+140', 'outtmpl': 'F:/Video/Honest ADs (cracked_com)\\If Jewelry Commercials Were Honest.%(ext)s', 'quiet': False, 'ffmpeg_location': 'C:\\WINDOWS\\system32\\ffmpeg.EXE', 'overwrites': True, 'continuedl': True, 'writedescription': False, 'writeinfojson': False, 'writesubtitles': False, 'progress_hooks': [<function download_video.<locals>.phook at 0x000001F19B5AFD80>], 'merge_output_format': 'mp4', 'cookiefile': 'cookies_yt.txt'}
[2025-07-11 14:56:29.075652] –§–∞–π–ª —Å–∫–∞—á–∞–Ω: F:\Video\Honest ADs (cracked_com)\If Jewelry Commercials Were Honest.f137.mp4
[2025-07-11 14:56:39.011458] –§–∞–π–ª —Å–∫–∞—á–∞–Ω: F:\Video\Honest ADs (cracked_com)\If Jewelry Commercials Were Honest.f140.m4a
[2025-07-11 14:56:42.068502] –§–∞–π–ª –∫—É–∫–æ–≤ 'cookies_yt.txt' —Å—É—â–µ—Å—Ç–≤—É–µ—Ç –∏ –ø—Ä–æ—à—ë–ª –ø—Ä–æ–≤–µ—Ä–∫—É. –ò—Å–ø–æ–ª—å–∑—É–µ–º –µ–≥–æ.
[2025-07-11 14:56:42.069039] get_video_info: –ò—Å–ø–æ–ª—å–∑—É–µ–º cookiefile: cookies_yt.txt
[2025-07-11 14:56:42.069573] get_video_info: –ó–∞–ø—Ä–æ—Å –∏–Ω—Ñ–æ—Ä–º–∞—Ü–∏–∏ –¥–ª—è URL: https://www.youtube.com/watch?v=lhSjYT7pWkw —Å –æ–ø—Ü–∏—è–º–∏: {'quiet': True, 'skip_download': True, 'extract_flat': True, 'cookiefile': 'cookies_yt.txt'}
[2025-07-11 14:56:49.788458] get_video_info: –ü–æ–ª—É—á–µ–Ω–∞ –∏–Ω—Ñ–æ—Ä–º–∞—Ü–∏—è –æ –≤–∏–¥–µ–æ. Title: If High School and College Textbooks Were Honest - Honest Ads, ID: lhSjYT7pWkw
[2025-07-11 14:56:49.794851] –û—Ä–∏–≥–∏–Ω–∞–ª—å–Ω–æ–µ –Ω–∞–∑–≤–∞–Ω–∏–µ –≤–∏–¥–µ–æ: 'If High School and College Textbooks Were Honest - Honest Ads', –ë–µ–∑–æ–ø–∞—Å–Ω–æ–µ –Ω–∞–∑–≤–∞–Ω–∏–µ: 'If High School and College Textbooks Were Honest - Honest Ads'
[2025-07-11 14:56:49.795711] –§–∏–Ω–∞–ª—å–Ω–æ–µ –∏–º—è —Ñ–∞–π–ª–∞ (–∞–≤—Ç–æ–º–∞—Ç–∏—á–µ—Å–∫–∏): 'If High School and College Textbooks Were Honest - Honest Ads' (–∞–≤—Ç–æ–º–∞—Ç–∏—á–µ—Å–∫–∏–π —Ä–µ–∂–∏–º)
[2025-07-11 14:56:49.796459] subtitle_options –ø–µ—Ä–µ–¥–∞–Ω—ã: None
[2025-07-11 14:56:49.797789] yt‚Äëdlp outtmpl: F:/Video/Honest ADs (cracked_com)\If High School and College Textbooks Were Honest - Honest Ads.%(ext)s
[2025-07-11 14:56:49.800898] –ü–æ–∏—Å–∫ ffmpeg: –ü—Ä–æ–≤–µ—Ä—è–µ–º –ª–æ–∫–∞–ª—å–Ω—ã–π –ø—É—Ç—å: C:\Users\TeplyakovAV\VDL\ffmpeg.exe
[2025-07-11 14:56:49.809183] –ü–æ–∏—Å–∫ ffmpeg: –ü—Ä–æ–≤–µ—Ä—è–µ–º —Å–∏—Å—Ç–µ–º–Ω—ã–π PATH: C:\WINDOWS\system32\ffmpeg.EXE
[2025-07-11 14:56:49.810067] FFmpeg –Ω–∞–π–¥–µ–Ω –≤ —Å–∏—Å—Ç–µ–º–Ω–æ–º PATH: C:\WINDOWS\system32\ffmpeg.EXE
[2025-07-11 14:56:49.811160] –í—ã–±—Ä–∞–Ω–æ –¥–≤–∞ –ø–æ—Ç–æ–∫–∞: 137+140
[2025-07-11 14:56:49.811770] merge_output_format = mp4
[2025-07-11 14:56:49.812469] cookiefile = cookies_yt.txt
[2025-07-11 14:56:49.813771] –ó–∞–ø—É—Å–∫ yt‚Äëdlp, –ø–æ–ø—ã—Ç–∫–∞ 1/15: {'format': '137+140', 'outtmpl': 'F:/Video/Honest ADs (cracked_com)\\If High School and College Textbooks Were Honest - Honest Ads.%(ext)s', 'quiet': False, 'ffmpeg_location': 'C:\\WINDOWS\\system32\\ffmpeg.EXE', 'overwrites': True, 'continuedl': True, 'writedescription': False, 'writeinfojson': False, 'writesubtitles': False, 'progress_hooks': [<function download_video.<locals>.phook at 0x000001F19B59D9E0>], 'merge_output_format': 'mp4', 'cookiefile': 'cookies_yt.txt'}
[2025-07-11 14:58:31.205307] –§–∞–π–ª —Å–∫–∞—á–∞–Ω: F:\Video\Honest ADs (cracked_com)\If High School and College Textbooks Were Honest - Honest Ads.f137.mp4
[2025-07-11 14:58:43.776363] –§–∞–π–ª —Å–∫–∞—á–∞–Ω: F:\Video\Honest ADs (cracked_com)\If High School and College Textbooks Were Honest - Honest Ads.f140.m4a
[2025-07-11 14:58:46.500135] –§–∞–π–ª –∫—É–∫–æ–≤ 'cookies_yt.txt' —Å—É—â–µ—Å—Ç–≤—É–µ—Ç –∏ –ø—Ä–æ—à—ë–ª –ø—Ä–æ–≤–µ—Ä–∫—É. –ò—Å–ø–æ–ª—å–∑—É–µ–º –µ–≥–æ.
[2025-07-11 14:58:46.500957] get_video_info: –ò—Å–ø–æ–ª—å–∑—É–µ–º cookiefile: cookies_yt.txt
[2025-07-11 14:58:46.501794] get_video_info: –ó–∞–ø—Ä–æ—Å –∏–Ω—Ñ–æ—Ä–º–∞—Ü–∏–∏ –¥–ª—è URL: https://www.youtube.com/watch?v=Olj7yPkkY1Y —Å –æ–ø—Ü–∏—è–º–∏: {'quiet': True, 'skip_download': True, 'extract_flat': True, 'cookiefile': 'cookies_yt.txt'}
[2025-07-11 14:58:54.105876] get_video_info: –ü–æ–ª—É—á–µ–Ω–∞ –∏–Ω—Ñ–æ—Ä–º–∞—Ü–∏—è –æ –≤–∏–¥–µ–æ. Title: If Theme Parks Were Honest - Honest Ads (Disneyland, Six Flags Parody), ID: Olj7yPkkY1Y
[2025-07-11 14:58:54.111644] –û—Ä–∏–≥–∏–Ω–∞–ª—å–Ω–æ–µ –Ω–∞–∑–≤–∞–Ω–∏–µ –≤–∏–¥–µ–æ: 'If Theme Parks Were Honest - Honest Ads (Disneyland, Six Flags Parody)', –ë–µ–∑–æ–ø–∞—Å–Ω–æ–µ –Ω–∞–∑–≤–∞–Ω–∏–µ: 'If Theme Parks Were Honest - Honest Ads (Disneyland, Six Flags Parody)'
[2025-07-11 14:58:54.112619] –§–∏–Ω–∞–ª—å–Ω–æ–µ –∏–º—è —Ñ–∞–π–ª–∞ (–∞–≤—Ç–æ–º–∞—Ç–∏—á–µ—Å–∫–∏): 'If Theme Parks Were Honest - Honest Ads (Disneyland, Six Flags Parody)' (–∞–≤—Ç–æ–º–∞—Ç–∏—á–µ—Å–∫–∏–π —Ä–µ–∂–∏–º)
[2025-07-11 14:58:54.113367] subtitle_options –ø–µ—Ä–µ–¥–∞–Ω—ã: None
[2025-07-11 14:58:54.114139] yt‚Äëdlp outtmpl: F:/Video/Honest ADs (cracked_com)\If Theme Parks Were Honest - Honest Ads (Disneyland, Six Flags Parody).%(ext)s
[2025-07-11 14:58:54.114822] –ü–æ–∏—Å–∫ ffmpeg: –ü—Ä–æ–≤–µ—Ä—è–µ–º –ª–æ–∫–∞–ª—å–Ω—ã–π –ø—É—Ç—å: C:\Users\TeplyakovAV\VDL\ffmpeg.exe
[2025-07-11 14:58:54.122113] –ü–æ–∏—Å–∫ ffmpeg: –ü—Ä–æ–≤–µ—Ä—è–µ–º —Å–∏—Å—Ç–µ–º–Ω—ã–π PATH: C:\WINDOWS\system32\ffmpeg.EXE
[2025-07-11 14:58:54.122949] FFmpeg –Ω–∞–π–¥–µ–Ω –≤ —Å–∏—Å—Ç–µ–º–Ω–æ–º PATH: C:\WINDOWS\system32\ffmpeg.EXE
[2025-07-11 14:58:54.123605] –í—ã–±—Ä–∞–Ω–æ –¥–≤–∞ –ø–æ—Ç–æ–∫–∞: 137+140
[2025-07-11 14:58:54.124257] merge_output_format = mp4
[2025-07-11 14:58:54.124966] cookiefile = cookies_yt.txt
[2025-07-11 14:58:54.125938] –ó–∞–ø—É—Å–∫ yt‚Äëdlp, –ø–æ–ø—ã—Ç–∫–∞ 1/15: {'format': '137+140', 'outtmpl': 'F:/Video/Honest ADs (cracked_com)\\If Theme Parks Were Honest - Honest Ads (Disneyland, Six Flags Parody).%(ext)s', 'quiet': False, 'ffmpeg_location': 'C:\\WINDOWS\\system32\\ffmpeg.EXE', 'overwrites': True, 'continuedl': True, 'writedescription': False, 'writeinfojson': False, 'writesubtitles': False, 'progress_hooks': [<function download_video.<locals>.phook at 0x000001F196026520>], 'merge_output_format': 'mp4', 'cookiefile': 'cookies_yt.txt'}
[2025-07-11 15:01:12.606663] –§–∞–π–ª —Å–∫–∞—á–∞–Ω: F:\Video\Honest ADs (cracked_com)\If Theme Parks Were Honest - Honest Ads (Disneyland, Six Flags Parody).f137.mp4
[2025-07-11 15:01:28.416811] –§–∞–π–ª —Å–∫–∞—á–∞–Ω: F:\Video\Honest ADs (cracked_com)\If Theme Parks Were Honest - Honest Ads (Disneyland, Six Flags Parody).f140.m4a
[2025-07-11 15:01:32.116970] –§–∞–π–ª –∫—É–∫–æ–≤ 'cookies_yt.txt' —Å—É—â–µ—Å—Ç–≤—É–µ—Ç –∏ –ø—Ä–æ—à—ë–ª –ø—Ä–æ–≤–µ—Ä–∫—É. –ò—Å–ø–æ–ª—å–∑—É–µ–º –µ–≥–æ.
[2025-07-11 15:01:32.117625] get_video_info: –ò—Å–ø–æ–ª—å–∑—É–µ–º cookiefile: cookies_yt.txt
[2025-07-11 15:01:32.118265] get_video_info: –ó–∞–ø—Ä–æ—Å –∏–Ω—Ñ–æ—Ä–º–∞—Ü–∏–∏ –¥–ª—è URL: https://www.youtube.com/watch?v=FvjhdaWZ3hA —Å –æ–ø—Ü–∏—è–º–∏: {'quiet': True, 'skip_download': True, 'extract_flat': True, 'cookiefile': 'cookies_yt.txt'}
[2025-07-11 15:01:36.527178] –ü–æ–ø—ã—Ç–∫–∞ –ø–æ–ª—É—á–∏—Ç—å –∫—É–∫–∏ –¥–ª—è Youtube –∏–∑ –±—Ä–∞—É–∑–µ—Ä–∞: chrome
[2025-07-11 15:01:36.527975] –ü—Ä–æ–±—É–µ–º –¥–æ–º–µ–Ω youtube.com –≤ chrome
[2025-07-11 15:01:47.292895] BrowserCookieError –ø—Ä–∏ –ø–æ–ª—É—á–µ–Ω–∏–∏ –∫—É–∫–æ–≤ –∏–∑ chrome –¥–ª—è Youtube:
Traceback (most recent call last):
  File "C:\Program Files\Python313\Lib\site-packages\yt_dlp\YoutubeDL.py", line 1662, in wrapper
    return func(self, *args, **kwargs)
  File "C:\Program Files\Python313\Lib\site-packages\yt_dlp\YoutubeDL.py", line 1797, in __extract_info
    ie_result = ie.extract(url)
  File "C:\Program Files\Python313\Lib\site-packages\yt_dlp\extractor\common.py", line 752, in extract
    ie_result = self._real_extract(url)
  File "C:\Program Files\Python313\Lib\site-packages\yt_dlp\extractor\youtube\_video.py", line 3829, in _real_extract
    self.raise_no_formats(reason, expected=True)
    ~~~~~~~~~~~~~~~~~~~~~^^^^^^^^^^^^^^^^^^^^^^^
  File "C:\Program Files\Python313\Lib\site-packages\yt_dlp\extractor\common.py", line 1273, in raise_no_formats
    raise ExtractorError(msg, expected=expected, video_id=video_id)
yt_dlp.utils.ExtractorError: [youtube] FvjhdaWZ3hA: Sign in to confirm you‚Äôre not a bot. Use --cookies-from-browser or --cookies for the authentication. See  https://github.com/yt-dlp/yt-dlp/wiki/FAQ#how-do-i-pass-cookies-to-yt-dlp  for how to manually pass cookies. Also see  https://github.com/yt-dlp/yt-dlp/wiki/Extractors#exporting-youtube-cookies  for tips on effectively exporting YouTube cookies

During handling of the above exception, another exception occurred:

Traceback (most recent call last):
  File "C:\Users\TeplyakovAV\VDL\vdl.py", line 374, in safe_get_video_info
    return get_video_info(url, platform, current_cookie if attempt != "none" else None)
  File "C:\Users\TeplyakovAV\VDL\vdl.py", line 352, in get_video_info
    info = ydl.extract_info(url, download=False)
  File "C:\Program Files\Python313\Lib\site-packages\yt_dlp\YoutubeDL.py", line 1651, in extract_info
    return self.__extract_info(url, self.get_info_extractor(key), download, extra_info, process)
           ~~~~~~~~~~~~~~~~~~~^^^^^^^^^^^^^^^^^^^^^^^^^^^^^^^^^^^^^^^^^^^^^^^^^^^^^^^^^^^^^^^^^^
  File "C:\Program Files\Python313\Lib\site-packages\yt_dlp\YoutubeDL.py", line 1680, in wrapper
    self.report_error(str(e), e.format_traceback())
    ~~~~~~~~~~~~~~~~~^^^^^^^^^^^^^^^^^^^^^^^^^^^^^^
  File "C:\Program Files\Python313\Lib\site-packages\yt_dlp\YoutubeDL.py", line 1120, in report_error
    self.trouble(f'{self._format_err("ERROR:", self.Styles.ERROR)} {message}', *args, **kwargs)
    ~~~~~~~~~~~~^^^^^^^^^^^^^^^^^^^^^^^^^^^^^^^^^^^^^^^^^^^^^^^^^^^^^^^^^^^^^^^^^^^^^^^^^^^^^^^
  File "C:\Program Files\Python313\Lib\site-packages\yt_dlp\YoutubeDL.py", line 1059, in trouble
    raise DownloadError(message, exc_info)
yt_dlp.utils.DownloadError: [0;31mERROR:[0m [youtube] FvjhdaWZ3hA: Sign in to confirm you‚Äôre not a bot. Use --cookies-from-browser or --cookies for the authentication. See  https://github.com/yt-dlp/yt-dlp/wiki/FAQ#how-do-i-pass-cookies-to-yt-dlp  for how to manually pass cookies. Also see  https://github.com/yt-dlp/yt-dlp/wiki/Extractors#exporting-youtube-cookies  for tips on effectively exporting YouTube cookies

During handling of the above exception, another exception occurred:

Traceback (most recent call last):
  File "C:\Program Files\Python313\Lib\site-packages\browser_cookie3\__init__.py", line 596, in _decrypt
    return self._decrypt_windows_chromium(value, encrypted_value)
           ~~~~~~~~~~~~~~~~~~~~~~~~~~~~~~^^^^^^^^^^^^^^^^^^^^^^^^
  File "C:\Program Files\Python313\Lib\site-packages\browser_cookie3\__init__.py", line 587, in _decrypt_windows_chromium
    _, data = _crypt_unprotect_data(encrypted_value)
              ~~~~~~~~~~~~~~~~~~~~~^^^^^^^^^^^^^^^^^
  File "C:\Program Files\Python313\Lib\site-packages\browser_cookie3\__init__.py", line 99, in _crypt_unprotect_data
    raise RuntimeError('Failed to decrypt the cipher text with DPAPI')
RuntimeError: Failed to decrypt the cipher text with DPAPI

During handling of the above exception, another exception occurred:

Traceback (most recent call last):
  File "C:\Program Files\Python313\Lib\site-packages\browser_cookie3\__init__.py", line 612, in _decrypt
    data = aes.decrypt_and_verify(encrypted_value[12:-16], tag)
  File "C:\Program Files\Python313\Lib\site-packages\Cryptodome\Cipher\_mode_gcm.py", line 567, in decrypt_and_verify
    self.verify(received_mac_tag)
    ~~~~~~~~~~~^^^^^^^^^^^^^^^^^^
  File "C:\Program Files\Python313\Lib\site-packages\Cryptodome\Cipher\_mode_gcm.py", line 508, in verify
    raise ValueError("MAC check failed")
ValueError: MAC check failed

During handling of the above exception, another exception occurred:

Traceback (most recent call last):
  File "C:\Users\TeplyakovAV\VDL\vdl.py", line 315, in get_cookies_for_platform
    extracted_cj = browser_functions[browser](domain_name=domain)
  File "C:\Program Files\Python313\Lib\site-packages\browser_cookie3\__init__.py", line 1320, in chrome
    return Chrome(cookie_file, domain_name, key_file).load()
           ~~~~~~~~~~~~~~~~~~~~~~~~~~~~~~~~~~~~~~~~~~~~~~~^^
  File "C:\Program Files\Python313\Lib\site-packages\browser_cookie3\__init__.py", line 550, in load
    value = self._decrypt(value, enc_value, has_integrity_check_for_cookie_domain)
  File "C:\Program Files\Python313\Lib\site-packages\browser_cookie3\__init__.py", line 614, in _decrypt
    raise BrowserCookieError(
        'Unable to get key for cookie decryption')
browser_cookie3.BrowserCookieError: Unable to get key for cookie decryption

[2025-07-11 15:01:47.294129] –ü–æ–ø—ã—Ç–∫–∞ –ø–æ–ª—É—á–∏—Ç—å –∫—É–∫–∏ –¥–ª—è Youtube –∏–∑ –±—Ä–∞—É–∑–µ—Ä–∞: firefox
[2025-07-11 15:01:47.294701] –ü—Ä–æ–±—É–µ–º –¥–æ–º–µ–Ω youtube.com –≤ firefox
[2025-07-11 15:01:47.336751] –ö—É–∫–∏ –¥–ª—è Youtube —É—Å–ø–µ—à–Ω–æ –ø–æ–ª—É—á–µ–Ω—ã –∏–∑ Firefox.
[2025-07-11 15:01:47.338682] –ö—É–∫–∏ —É—Å–ø–µ—à–Ω–æ —Å–æ—Ö—Ä–∞–Ω–µ–Ω—ã –≤ —Ñ–∞–π–ª: cookies_yt.txt
[2025-07-11 15:01:47.340167] get_video_info: –ò—Å–ø–æ–ª—å–∑—É–µ–º cookiefile: cookies_yt.txt
[2025-07-11 15:01:47.340791] get_video_info: –ó–∞–ø—Ä–æ—Å –∏–Ω—Ñ–æ—Ä–º–∞—Ü–∏–∏ –¥–ª—è URL: https://www.youtube.com/watch?v=FvjhdaWZ3hA —Å –æ–ø—Ü–∏—è–º–∏: {'quiet': True, 'skip_download': True, 'extract_flat': True, 'cookiefile': 'cookies_yt.txt'}
[2025-07-11 15:01:50.920617] get_video_info: –ó–∞–ø—Ä–æ—Å –∏–Ω—Ñ–æ—Ä–º–∞—Ü–∏–∏ –¥–ª—è URL: https://www.youtube.com/watch?v=FvjhdaWZ3hA —Å –æ–ø—Ü–∏—è–º–∏: {'quiet': True, 'skip_download': True, 'extract_flat': True}
[2025-07-11 15:01:54.732199] –ó–∞–≤–µ—Ä—à–µ–Ω–∏–µ —Ä–∞–±–æ—Ç—ã —Å–∫—Ä–∏–ø—Ç–∞.

============================================================
--- –ù–∞—á–∏–Ω–∞–µ—Ç—Å—è –Ω–æ–≤—ã–π —Å–µ–∞–Ω—Å –æ—Ç–ª–∞–¥–∫–∏ [2025-07-11 15:20:34.383165] ---
[2025-07-11 15:20:34.382452] –ü–æ–∏—Å–∫ ffmpeg: –ü—Ä–æ–≤–µ—Ä—è–µ–º –ª–æ–∫–∞–ª—å–Ω—ã–π –ø—É—Ç—å: C:\Users\TeplyakovAV\VDL\ffmpeg.exe
[2025-07-11 15:20:34.390219] –ü–æ–∏—Å–∫ ffmpeg: –ü—Ä–æ–≤–µ—Ä—è–µ–º —Å–∏—Å—Ç–µ–º–Ω—ã–π PATH: C:\WINDOWS\system32\ffmpeg.EXE
[2025-07-11 15:20:34.390774] FFmpeg –Ω–∞–π–¥–µ–Ω –≤ —Å–∏—Å—Ç–µ–º–Ω–æ–º PATH: C:\WINDOWS\system32\ffmpeg.EXE
[2025-07-11 15:20:35.553866] –í–≤–µ–¥–µ–Ω–∞ —Å—Å—ã–ª–∫–∞: https://www.youtube.com/playlist?list=PL_saLI-LH-Vr-zw0pkQIBNGbpzalH-XLO
[2025-07-11 15:20:35.555122] –û–ø—Ä–µ–¥–µ–ª–µ–Ω–∞ –ø–ª–∞—Ç—Ñ–æ—Ä–º–∞: youtube –¥–ª—è URL: https://www.youtube.com/playlist?list=PL_saLI-LH-Vr-zw0pkQIBNGbpzalH-XLO
[2025-07-11 15:20:36.436265] –§–∞–π–ª –∫—É–∫–æ–≤ 'cookies_yt.txt' —Å—É—â–µ—Å—Ç–≤—É–µ—Ç –∏ –ø—Ä–æ—à—ë–ª –ø—Ä–æ–≤–µ—Ä–∫—É. –ò—Å–ø–æ–ª—å–∑—É–µ–º –µ–≥–æ.
[2025-07-11 15:20:36.436874] get_video_info: –ò—Å–ø–æ–ª—å–∑—É–µ–º cookiefile: cookies_yt.txt
[2025-07-11 15:20:36.437355] get_video_info: –ó–∞–ø—Ä–æ—Å –∏–Ω—Ñ–æ—Ä–º–∞—Ü–∏–∏ –¥–ª—è URL: https://www.youtube.com/playlist?list=PL_saLI-LH-Vr-zw0pkQIBNGbpzalH-XLO —Å –æ–ø—Ü–∏—è–º–∏: {'quiet': True, 'skip_download': True, 'extract_flat': True, 'cookiefile': 'cookies_yt.txt'}
[2025-07-11 15:20:39.923526] get_video_info: –ü–æ–ª—É—á–µ–Ω–∞ –∏–Ω—Ñ–æ—Ä–º–∞—Ü–∏—è –æ –≤–∏–¥–µ–æ. Title: Honest Ads (Now on its very own Channel!), ID: PL_saLI-LH-Vr-zw0pkQIBNGbpzalH-XLO
[2025-07-11 15:20:39.930155] –û–±–Ω–∞—Ä—É–∂–µ–Ω –ø–ª–µ–π–ª–∏—Å—Ç. –ö–æ–ª–∏—á–µ—Å—Ç–≤–æ –≤–∏–¥–µ–æ: 79
[2025-07-11 15:20:47.290932] –í—ã–±—Ä–∞–Ω—ã –Ω–æ–º–µ—Ä–∞ –≤–∏–¥–µ–æ –¥–ª—è —Å–∫–∞—á–∏–≤–∞–Ω–∏—è: [14, 15, 16, 17, 18, 19, 20, 21, 22, 23, 24, 25, 26, 27, 28, 29, 30, 31, 32, 33, 34, 35, 36, 37, 38, 39, 40, 41, 42, 43, 44, 45, 46, 47, 48, 49, 50, 51, 52, 53, 54, 55, 56, 57, 58, 59, 60, 61, 62, 63, 64, 65, 66, 67, 68, 69, 70, 71, 72, 73, 74, 75, 76, 77, 78, 79]
[2025-07-11 15:20:49.178683] –§–∞–π–ª –∫—É–∫–æ–≤ 'cookies_yt.txt' —Å—É—â–µ—Å—Ç–≤—É–µ—Ç –∏ –ø—Ä–æ—à—ë–ª –ø—Ä–æ–≤–µ—Ä–∫—É. –ò—Å–ø–æ–ª—å–∑—É–µ–º –µ–≥–æ.
[2025-07-11 15:20:49.181059] get_video_info: –ò—Å–ø–æ–ª—å–∑—É–µ–º cookiefile: cookies_yt.txt
[2025-07-11 15:20:49.182126] get_video_info: –ó–∞–ø—Ä–æ—Å –∏–Ω—Ñ–æ—Ä–º–∞—Ü–∏–∏ –¥–ª—è URL: https://www.youtube.com/watch?v=FvjhdaWZ3hA —Å –æ–ø—Ü–∏—è–º–∏: {'quiet': True, 'skip_download': True, 'extract_flat': True, 'cookiefile': 'cookies_yt.txt'}
[2025-07-11 15:21:00.271479] get_video_info: –ü–æ–ª—É—á–µ–Ω–∞ –∏–Ω—Ñ–æ—Ä–º–∞—Ü–∏—è –æ –≤–∏–¥–µ–æ. Title: If The Meat Industry Was Honest - Honest Ads, ID: FvjhdaWZ3hA
[2025-07-11 15:21:05.496952] –í—ã–±—Ä–∞–Ω –≤–∏–¥–µ–æ—Ñ–æ—Ä–º–∞—Ç: id=137, ext=mp4, vcodec=avc1.640028
[2025-07-11 15:21:06.993112] –í—ã–±—Ä–∞–Ω –∞—É–¥–∏–æ: id=140, ext=m4a, acodec=mp4a.40.2
[2025-07-11 15:21:12.114916] –ù–∞—á–∞–ª—å–Ω—ã–π/–¥–µ—Ñ–æ–ª—Ç–Ω—ã–π –≤—ã—Ö–æ–¥–Ω–æ–π —Ñ–æ—Ä–º–∞—Ç: mp4 (–∏–Ω–¥–µ–∫—Å 0)
[2025-07-11 15:21:13.034282] –í—ã–±—Ä–∞–Ω —Ñ–æ—Ä–º–∞—Ç –ø–æ —É–º–æ–ª—á–∞–Ω–∏—é: mp4
[2025-07-11 15:21:13.035287] –ò–Ω—Ç–µ–≥—Ä–∞—Ü–∏—è —Å—É–±—Ç–∏—Ç—Ä–æ–≤: False, —è–∑—ã–∫–∏: [], keep files: True
[2025-07-11 15:21:13.036465] –û—Ä–∏–≥–∏–Ω–∞–ª—å–Ω–æ–µ –Ω–∞–∑–≤–∞–Ω–∏–µ –≤–∏–¥–µ–æ: 'If The Meat Industry Was Honest - Honest Ads', –ë–µ–∑–æ–ø–∞—Å–Ω–æ–µ –Ω–∞–∑–≤–∞–Ω–∏–µ: 'If The Meat Industry Was Honest - Honest Ads'
[2025-07-11 15:21:13.037489] –ü—Ä–µ–¥–ª–∞–≥–∞–µ–º–æ–µ –∏–º—è —Ñ–∞–π–ª–∞ (–ø–æ —É–º–æ–ª—á–∞–Ω–∏—é): If The Meat Industry Was Honest - Honest Ads
[2025-07-11 15:21:13.038512] –ü—Ä–æ–≤–µ—Ä–∫–∞ –∏–º–µ–Ω–∏ —Ñ–∞–π–ª–∞: F:/Video/Honest ADs (cracked_com)\If The Meat Industry Was Honest - Honest Ads.mp4
[2025-07-11 15:21:13.952828] –§–∞–π–ª 'F:/Video/Honest ADs (cracked_com)\If The Meat Industry Was Honest - Honest Ads.mp4' –Ω–µ —Å—É—â–µ—Å—Ç–≤—É–µ—Ç. –ò—Å–ø–æ–ª—å–∑—É–µ–º —ç—Ç–æ –∏–º—è.
[2025-07-11 15:21:13.953816] –§–∏–Ω–∞–ª—å–Ω–æ–µ –∏–º—è —Ñ–∞–π–ª–∞, –≤—ã–±—Ä–∞–Ω–Ω–æ–µ –ø–æ–ª—å–∑–æ–≤–∞—Ç–µ–ª–µ–º: 'If The Meat Industry Was Honest - Honest Ads'
[2025-07-11 15:21:13.954542] subtitle_options –ø–µ—Ä–µ–¥–∞–Ω—ã: None
[2025-07-11 15:21:13.955055] yt‚Äëdlp outtmpl: F:/Video/Honest ADs (cracked_com)\If The Meat Industry Was Honest - Honest Ads.%(ext)s
[2025-07-11 15:21:13.955538] –ü–æ–∏—Å–∫ ffmpeg: –ü—Ä–æ–≤–µ—Ä—è–µ–º –ª–æ–∫–∞–ª—å–Ω—ã–π –ø—É—Ç—å: C:\Users\TeplyakovAV\VDL\ffmpeg.exe
[2025-07-11 15:21:13.960566] –ü–æ–∏—Å–∫ ffmpeg: –ü—Ä–æ–≤–µ—Ä—è–µ–º —Å–∏—Å—Ç–µ–º–Ω—ã–π PATH: C:\WINDOWS\system32\ffmpeg.EXE
[2025-07-11 15:21:13.961093] FFmpeg –Ω–∞–π–¥–µ–Ω –≤ —Å–∏—Å—Ç–µ–º–Ω–æ–º PATH: C:\WINDOWS\system32\ffmpeg.EXE
[2025-07-11 15:21:13.961536] –í—ã–±—Ä–∞–Ω–æ –¥–≤–∞ –ø–æ—Ç–æ–∫–∞: 137+140
[2025-07-11 15:21:13.961982] merge_output_format = mp4
[2025-07-11 15:21:13.962450] cookiefile = cookies_yt.txt
[2025-07-11 15:21:13.963146] –ó–∞–ø—É—Å–∫ yt‚Äëdlp, –ø–æ–ø—ã—Ç–∫–∞ 1/15: {'format': '137+140', 'outtmpl': 'F:/Video/Honest ADs (cracked_com)\\If The Meat Industry Was Honest - Honest Ads.%(ext)s', 'quiet': False, 'ffmpeg_location': 'C:\\WINDOWS\\system32\\ffmpeg.EXE', 'overwrites': True, 'continuedl': True, 'writedescription': False, 'writeinfojson': False, 'writesubtitles': False, 'progress_hooks': [<function download_video.<locals>.phook at 0x0000024C244709A0>], 'merge_output_format': 'mp4', 'cookiefile': 'cookies_yt.txt'}
[2025-07-11 15:23:05.719061] –§–∞–π–ª —Å–∫–∞—á–∞–Ω: F:\Video\Honest ADs (cracked_com)\If The Meat Industry Was Honest - Honest Ads.f137.mp4
[2025-07-11 15:23:17.828546] –§–∞–π–ª —Å–∫–∞—á–∞–Ω: F:\Video\Honest ADs (cracked_com)\If The Meat Industry Was Honest - Honest Ads.f140.m4a
[2025-07-11 15:23:20.874484] –§–∞–π–ª –∫—É–∫–æ–≤ 'cookies_yt.txt' —Å—É—â–µ—Å—Ç–≤—É–µ—Ç –∏ –ø—Ä–æ—à—ë–ª –ø—Ä–æ–≤–µ—Ä–∫—É. –ò—Å–ø–æ–ª—å–∑—É–µ–º –µ–≥–æ.
[2025-07-11 15:23:20.875037] get_video_info: –ò—Å–ø–æ–ª—å–∑—É–µ–º cookiefile: cookies_yt.txt
[2025-07-11 15:23:20.875595] get_video_info: –ó–∞–ø—Ä–æ—Å –∏–Ω—Ñ–æ—Ä–º–∞—Ü–∏–∏ –¥–ª—è URL: https://www.youtube.com/watch?v=Zx5FoDSc-0U —Å –æ–ø—Ü–∏—è–º–∏: {'quiet': True, 'skip_download': True, 'extract_flat': True, 'cookiefile': 'cookies_yt.txt'}
[2025-07-11 15:23:27.761942] get_video_info: –ü–æ–ª—É—á–µ–Ω–∞ –∏–Ω—Ñ–æ—Ä–º–∞—Ü–∏—è –æ –≤–∏–¥–µ–æ. Title: If Beer Ads Were Forced to Be Honest - Beer Commercial Parody, ID: Zx5FoDSc-0U
[2025-07-11 15:23:27.766243] –û—Ä–∏–≥–∏–Ω–∞–ª—å–Ω–æ–µ –Ω–∞–∑–≤–∞–Ω–∏–µ –≤–∏–¥–µ–æ: 'If Beer Ads Were Forced to Be Honest - Beer Commercial Parody', –ë–µ–∑–æ–ø–∞—Å–Ω–æ–µ –Ω–∞–∑–≤–∞–Ω–∏–µ: 'If Beer Ads Were Forced to Be Honest - Beer Commercial Parody'
[2025-07-11 15:23:27.767035] –§–∏–Ω–∞–ª—å–Ω–æ–µ –∏–º—è —Ñ–∞–π–ª–∞ (–∞–≤—Ç–æ–º–∞—Ç–∏—á–µ—Å–∫–∏): 'If Beer Ads Were Forced to Be Honest - Beer Commercial Parody' (–∞–≤—Ç–æ–º–∞—Ç–∏—á–µ—Å–∫–∏–π —Ä–µ–∂–∏–º)
[2025-07-11 15:23:27.767731] subtitle_options –ø–µ—Ä–µ–¥–∞–Ω—ã: None
[2025-07-11 15:23:27.768574] yt‚Äëdlp outtmpl: F:/Video/Honest ADs (cracked_com)\If Beer Ads Were Forced to Be Honest - Beer Commercial Parody.%(ext)s
[2025-07-11 15:23:27.769496] –ü–æ–∏—Å–∫ ffmpeg: –ü—Ä–æ–≤–µ—Ä—è–µ–º –ª–æ–∫–∞–ª—å–Ω—ã–π –ø—É—Ç—å: C:\Users\TeplyakovAV\VDL\ffmpeg.exe
[2025-07-11 15:23:27.776744] –ü–æ–∏—Å–∫ ffmpeg: –ü—Ä–æ–≤–µ—Ä—è–µ–º —Å–∏—Å—Ç–µ–º–Ω—ã–π PATH: C:\WINDOWS\system32\ffmpeg.EXE
[2025-07-11 15:23:27.777550] FFmpeg –Ω–∞–π–¥–µ–Ω –≤ —Å–∏—Å—Ç–µ–º–Ω–æ–º PATH: C:\WINDOWS\system32\ffmpeg.EXE
[2025-07-11 15:23:27.778418] –í—ã–±—Ä–∞–Ω–æ –¥–≤–∞ –ø–æ—Ç–æ–∫–∞: 137+140
[2025-07-11 15:23:27.779023] merge_output_format = mp4
[2025-07-11 15:23:27.779547] cookiefile = cookies_yt.txt
[2025-07-11 15:23:27.780364] –ó–∞–ø—É—Å–∫ yt‚Äëdlp, –ø–æ–ø—ã—Ç–∫–∞ 1/15: {'format': '137+140', 'outtmpl': 'F:/Video/Honest ADs (cracked_com)\\If Beer Ads Were Forced to Be Honest - Beer Commercial Parody.%(ext)s', 'quiet': False, 'ffmpeg_location': 'C:\\WINDOWS\\system32\\ffmpeg.EXE', 'overwrites': True, 'continuedl': True, 'writedescription': False, 'writeinfojson': False, 'writesubtitles': False, 'progress_hooks': [<function download_video.<locals>.phook at 0x0000024C2442C720>], 'merge_output_format': 'mp4', 'cookiefile': 'cookies_yt.txt'}
[2025-07-11 15:26:57.940518] –§–∞–π–ª —Å–∫–∞—á–∞–Ω: F:\Video\Honest ADs (cracked_com)\If Beer Ads Were Forced to Be Honest - Beer Commercial Parody.f137.mp4
[2025-07-11 15:27:08.817707] –§–∞–π–ª —Å–∫–∞—á–∞–Ω: F:\Video\Honest ADs (cracked_com)\If Beer Ads Were Forced to Be Honest - Beer Commercial Parody.f140.m4a
[2025-07-11 15:27:14.011693] –§–∞–π–ª –∫—É–∫–æ–≤ 'cookies_yt.txt' —Å—É—â–µ—Å—Ç–≤—É–µ—Ç –∏ –ø—Ä–æ—à—ë–ª –ø—Ä–æ–≤–µ—Ä–∫—É. –ò—Å–ø–æ–ª—å–∑—É–µ–º –µ–≥–æ.
[2025-07-11 15:27:14.012317] get_video_info: –ò—Å–ø–æ–ª—å–∑—É–µ–º cookiefile: cookies_yt.txt
[2025-07-11 15:27:14.012966] get_video_info: –ó–∞–ø—Ä–æ—Å –∏–Ω—Ñ–æ—Ä–º–∞—Ü–∏–∏ –¥–ª—è URL: https://www.youtube.com/watch?v=U1T3fO772Ic —Å –æ–ø—Ü–∏—è–º–∏: {'quiet': True, 'skip_download': True, 'extract_flat': True, 'cookiefile': 'cookies_yt.txt'}

============================================================
--- –ù–∞—á–∏–Ω–∞–µ—Ç—Å—è –Ω–æ–≤—ã–π —Å–µ–∞–Ω—Å –æ—Ç–ª–∞–¥–∫–∏ [2025-07-11 15:27:22.307561] ---
[2025-07-11 15:27:22.307245] –ü–æ–∏—Å–∫ ffmpeg: –ü—Ä–æ–≤–µ—Ä—è–µ–º –ª–æ–∫–∞–ª—å–Ω—ã–π –ø—É—Ç—å: C:\Users\TeplyakovAV\VDL\ffmpeg.exe
[2025-07-11 15:27:22.312834] –ü–æ–∏—Å–∫ ffmpeg: –ü—Ä–æ–≤–µ—Ä—è–µ–º —Å–∏—Å—Ç–µ–º–Ω—ã–π PATH: C:\WINDOWS\system32\ffmpeg.EXE
[2025-07-11 15:27:22.313386] FFmpeg –Ω–∞–π–¥–µ–Ω –≤ —Å–∏—Å—Ç–µ–º–Ω–æ–º PATH: C:\WINDOWS\system32\ffmpeg.EXE
[2025-07-11 15:27:22.977682] get_video_info: –ü–æ–ª—É—á–µ–Ω–∞ –∏–Ω—Ñ–æ—Ä–º–∞—Ü–∏—è –æ –≤–∏–¥–µ–æ. Title: When Mobile Providers Are Actually Honest - Honest Ads (Verizon, AT&T, Sprint, T-mobile parody) att, ID: U1T3fO772Ic
[2025-07-11 15:27:22.981200] –û—Ä–∏–≥–∏–Ω–∞–ª—å–Ω–æ–µ –Ω–∞–∑–≤–∞–Ω–∏–µ –≤–∏–¥–µ–æ: 'When Mobile Providers Are Actually Honest - Honest Ads (Verizon, AT&T, Sprint, T-mobile parody) att', –ë–µ–∑–æ–ø–∞—Å–Ω–æ–µ –Ω–∞–∑–≤–∞–Ω–∏–µ: 'When Mobile Providers Are Actually Honest - Honest Ads (Verizon, AT&T, Sprint, T-mobile parody) att'
[2025-07-11 15:27:22.981969] –§–∏–Ω–∞–ª—å–Ω–æ–µ –∏–º—è —Ñ–∞–π–ª–∞ (–∞–≤—Ç–æ–º–∞—Ç–∏—á–µ—Å–∫–∏): 'When Mobile Providers Are Actually Honest - Honest Ads (Verizon, AT&T, Sprint, T-mobile parody) att' (–∞–≤—Ç–æ–º–∞—Ç–∏—á–µ—Å–∫–∏–π —Ä–µ–∂–∏–º)
[2025-07-11 15:27:22.982429] subtitle_options –ø–µ—Ä–µ–¥–∞–Ω—ã: None
[2025-07-11 15:27:22.982890] yt‚Äëdlp outtmpl: F:/Video/Honest ADs (cracked_com)\When Mobile Providers Are Actually Honest - Honest Ads (Verizon, AT&T, Sprint, T-mobile parody) att.%(ext)s
[2025-07-11 15:27:22.983360] –ü–æ–∏—Å–∫ ffmpeg: –ü—Ä–æ–≤–µ—Ä—è–µ–º –ª–æ–∫–∞–ª—å–Ω—ã–π –ø—É—Ç—å: C:\Users\TeplyakovAV\VDL\ffmpeg.exe
[2025-07-11 15:27:22.988355] –ü–æ–∏—Å–∫ ffmpeg: –ü—Ä–æ–≤–µ—Ä—è–µ–º —Å–∏—Å—Ç–µ–º–Ω—ã–π PATH: C:\WINDOWS\system32\ffmpeg.EXE
[2025-07-11 15:27:22.988871] FFmpeg –Ω–∞–π–¥–µ–Ω –≤ —Å–∏—Å—Ç–µ–º–Ω–æ–º PATH: C:\WINDOWS\system32\ffmpeg.EXE
[2025-07-11 15:27:22.989401] –í—ã–±—Ä–∞–Ω–æ –¥–≤–∞ –ø–æ—Ç–æ–∫–∞: 137+140
[2025-07-11 15:27:22.993000] merge_output_format = mp4
[2025-07-11 15:27:22.993476] cookiefile = cookies_yt.txt
[2025-07-11 15:27:22.994077] –ó–∞–ø—É—Å–∫ yt‚Äëdlp, –ø–æ–ø—ã—Ç–∫–∞ 1/15: {'format': '137+140', 'outtmpl': 'F:/Video/Honest ADs (cracked_com)\\When Mobile Providers Are Actually Honest - Honest Ads (Verizon, AT&T, Sprint, T-mobile parody) att.%(ext)s', 'quiet': False, 'ffmpeg_location': 'C:\\WINDOWS\\system32\\ffmpeg.EXE', 'overwrites': True, 'continuedl': True, 'writedescription': False, 'writeinfojson': False, 'writesubtitles': False, 'progress_hooks': [<function download_video.<locals>.phook at 0x0000024C223AFEC0>], 'merge_output_format': 'mp4', 'cookiefile': 'cookies_yt.txt'}
[2025-07-11 15:27:26.654312] –í–≤–µ–¥–µ–Ω–∞ —Å—Å—ã–ª–∫–∞: https://www.youtube.com/playlist?list=PL_saLI-LH-Vr-zw0pkQIBNGbpzalH-XLO
[2025-07-11 15:27:26.655544] –û–ø—Ä–µ–¥–µ–ª–µ–Ω–∞ –ø–ª–∞—Ç—Ñ–æ—Ä–º–∞: youtube –¥–ª—è URL: https://www.youtube.com/playlist?list=PL_saLI-LH-Vr-zw0pkQIBNGbpzalH-XLO
[2025-07-11 15:27:27.506794] –§–∞–π–ª –∫—É–∫–æ–≤ 'cookies_yt.txt' —Å—É—â–µ—Å—Ç–≤—É–µ—Ç –∏ –ø—Ä–æ—à—ë–ª –ø—Ä–æ–≤–µ—Ä–∫—É. –ò—Å–ø–æ–ª—å–∑—É–µ–º –µ–≥–æ.
[2025-07-11 15:27:27.507321] get_video_info: –ò—Å–ø–æ–ª—å–∑—É–µ–º cookiefile: cookies_yt.txt
[2025-07-11 15:27:27.507870] get_video_info: –ó–∞–ø—Ä–æ—Å –∏–Ω—Ñ–æ—Ä–º–∞—Ü–∏–∏ –¥–ª—è URL: https://www.youtube.com/playlist?list=PL_saLI-LH-Vr-zw0pkQIBNGbpzalH-XLO —Å –æ–ø—Ü–∏—è–º–∏: {'quiet': True, 'skip_download': True, 'extract_flat': True, 'cookiefile': 'cookies_yt.txt'}
[2025-07-11 15:27:30.960634] get_video_info: –ü–æ–ª—É—á–µ–Ω–∞ –∏–Ω—Ñ–æ—Ä–º–∞—Ü–∏—è –æ –≤–∏–¥–µ–æ. Title: Honest Ads (Now on its very own Channel!), ID: PL_saLI-LH-Vr-zw0pkQIBNGbpzalH-XLO
[2025-07-11 15:27:30.965487] –û–±–Ω–∞—Ä—É–∂–µ–Ω –ø–ª–µ–π–ª–∏—Å—Ç. –ö–æ–ª–∏—á–µ—Å—Ç–≤–æ –≤–∏–¥–µ–æ: 79
[2025-07-11 15:27:46.647355] –ó–∞–≥—Ä—É–∑–∫–∞ –ø—Ä–µ—Ä–≤–∞–Ω–∞ –ø–æ–ª—å–∑–æ–≤–∞—Ç–µ–ª–µ–º (KeyboardInterrupt).
[2025-07-11 15:27:46.647898] –ó–∞–≤–µ—Ä—à–µ–Ω–∏–µ —Ä–∞–±–æ—Ç—ã —Å–∫—Ä–∏–ø—Ç–∞.
[2025-07-11 15:30:58.500982] –§–∞–π–ª —Å–∫–∞—á–∞–Ω: F:\Video\Honest ADs (cracked_com)\When Mobile Providers Are Actually Honest - Honest Ads (Verizon, AT&T, Sprint, T-mobile parody) att.f137.mp4
[2025-07-11 15:31:10.108792] –§–∞–π–ª —Å–∫–∞—á–∞–Ω: F:\Video\Honest ADs (cracked_com)\When Mobile Providers Are Actually Honest - Honest Ads (Verizon, AT&T, Sprint, T-mobile parody) att.f140.m4a
[2025-07-11 15:31:15.277891] –§–∞–π–ª –∫—É–∫–æ–≤ 'cookies_yt.txt' —Å—É—â–µ—Å—Ç–≤—É–µ—Ç –∏ –ø—Ä–æ—à—ë–ª –ø—Ä–æ–≤–µ—Ä–∫—É. –ò—Å–ø–æ–ª—å–∑—É–µ–º –µ–≥–æ.
[2025-07-11 15:31:15.278501] get_video_info: –ò—Å–ø–æ–ª—å–∑—É–µ–º cookiefile: cookies_yt.txt
[2025-07-11 15:31:15.279109] get_video_info: –ó–∞–ø—Ä–æ—Å –∏–Ω—Ñ–æ—Ä–º–∞—Ü–∏–∏ –¥–ª—è URL: https://www.youtube.com/watch?v=Bqavq5pUC04 —Å –æ–ø—Ü–∏—è–º–∏: {'quiet': True, 'skip_download': True, 'extract_flat': True, 'cookiefile': 'cookies_yt.txt'}
[2025-07-11 15:31:18.930694] –ü–æ–ø—ã—Ç–∫–∞ –ø–æ–ª—É—á–∏—Ç—å –∫—É–∫–∏ –¥–ª—è Youtube –∏–∑ –±—Ä–∞—É–∑–µ—Ä–∞: chrome
[2025-07-11 15:31:18.931234] –ü—Ä–æ–±—É–µ–º –¥–æ–º–µ–Ω youtube.com –≤ chrome
[2025-07-11 15:31:28.929254] BrowserCookieError –ø—Ä–∏ –ø–æ–ª—É—á–µ–Ω–∏–∏ –∫—É–∫–æ–≤ –∏–∑ chrome –¥–ª—è Youtube:
Traceback (most recent call last):
  File "C:\Program Files\Python313\Lib\site-packages\yt_dlp\YoutubeDL.py", line 1662, in wrapper
    return func(self, *args, **kwargs)
  File "C:\Program Files\Python313\Lib\site-packages\yt_dlp\YoutubeDL.py", line 1797, in __extract_info
    ie_result = ie.extract(url)
  File "C:\Program Files\Python313\Lib\site-packages\yt_dlp\extractor\common.py", line 752, in extract
    ie_result = self._real_extract(url)
  File "C:\Program Files\Python313\Lib\site-packages\yt_dlp\extractor\youtube\_video.py", line 3829, in _real_extract
    self.raise_no_formats(reason, expected=True)
    ~~~~~~~~~~~~~~~~~~~~~^^^^^^^^^^^^^^^^^^^^^^^
  File "C:\Program Files\Python313\Lib\site-packages\yt_dlp\extractor\common.py", line 1273, in raise_no_formats
    raise ExtractorError(msg, expected=expected, video_id=video_id)
yt_dlp.utils.ExtractorError: [youtube] Bqavq5pUC04: Sign in to confirm you‚Äôre not a bot. Use --cookies-from-browser or --cookies for the authentication. See  https://github.com/yt-dlp/yt-dlp/wiki/FAQ#how-do-i-pass-cookies-to-yt-dlp  for how to manually pass cookies. Also see  https://github.com/yt-dlp/yt-dlp/wiki/Extractors#exporting-youtube-cookies  for tips on effectively exporting YouTube cookies

During handling of the above exception, another exception occurred:

Traceback (most recent call last):
  File "C:\Users\TeplyakovAV\VDL\vdl.py", line 374, in safe_get_video_info
    return get_video_info(url, platform, current_cookie if attempt != "none" else None)
  File "C:\Users\TeplyakovAV\VDL\vdl.py", line 352, in get_video_info
    info = ydl.extract_info(url, download=False)
  File "C:\Program Files\Python313\Lib\site-packages\yt_dlp\YoutubeDL.py", line 1651, in extract_info
    return self.__extract_info(url, self.get_info_extractor(key), download, extra_info, process)
           ~~~~~~~~~~~~~~~~~~~^^^^^^^^^^^^^^^^^^^^^^^^^^^^^^^^^^^^^^^^^^^^^^^^^^^^^^^^^^^^^^^^^^
  File "C:\Program Files\Python313\Lib\site-packages\yt_dlp\YoutubeDL.py", line 1680, in wrapper
    self.report_error(str(e), e.format_traceback())
    ~~~~~~~~~~~~~~~~~^^^^^^^^^^^^^^^^^^^^^^^^^^^^^^
  File "C:\Program Files\Python313\Lib\site-packages\yt_dlp\YoutubeDL.py", line 1120, in report_error
    self.trouble(f'{self._format_err("ERROR:", self.Styles.ERROR)} {message}', *args, **kwargs)
    ~~~~~~~~~~~~^^^^^^^^^^^^^^^^^^^^^^^^^^^^^^^^^^^^^^^^^^^^^^^^^^^^^^^^^^^^^^^^^^^^^^^^^^^^^^^
  File "C:\Program Files\Python313\Lib\site-packages\yt_dlp\YoutubeDL.py", line 1059, in trouble
    raise DownloadError(message, exc_info)
yt_dlp.utils.DownloadError: [0;31mERROR:[0m [youtube] Bqavq5pUC04: Sign in to confirm you‚Äôre not a bot. Use --cookies-from-browser or --cookies for the authentication. See  https://github.com/yt-dlp/yt-dlp/wiki/FAQ#how-do-i-pass-cookies-to-yt-dlp  for how to manually pass cookies. Also see  https://github.com/yt-dlp/yt-dlp/wiki/Extractors#exporting-youtube-cookies  for tips on effectively exporting YouTube cookies

During handling of the above exception, another exception occurred:

Traceback (most recent call last):
  File "C:\Program Files\Python313\Lib\site-packages\browser_cookie3\__init__.py", line 596, in _decrypt
    return self._decrypt_windows_chromium(value, encrypted_value)
           ~~~~~~~~~~~~~~~~~~~~~~~~~~~~~~^^^^^^^^^^^^^^^^^^^^^^^^
  File "C:\Program Files\Python313\Lib\site-packages\browser_cookie3\__init__.py", line 587, in _decrypt_windows_chromium
    _, data = _crypt_unprotect_data(encrypted_value)
              ~~~~~~~~~~~~~~~~~~~~~^^^^^^^^^^^^^^^^^
  File "C:\Program Files\Python313\Lib\site-packages\browser_cookie3\__init__.py", line 99, in _crypt_unprotect_data
    raise RuntimeError('Failed to decrypt the cipher text with DPAPI')
RuntimeError: Failed to decrypt the cipher text with DPAPI

During handling of the above exception, another exception occurred:

Traceback (most recent call last):
  File "C:\Program Files\Python313\Lib\site-packages\browser_cookie3\__init__.py", line 612, in _decrypt
    data = aes.decrypt_and_verify(encrypted_value[12:-16], tag)
  File "C:\Program Files\Python313\Lib\site-packages\Cryptodome\Cipher\_mode_gcm.py", line 567, in decrypt_and_verify
    self.verify(received_mac_tag)
    ~~~~~~~~~~~^^^^^^^^^^^^^^^^^^
  File "C:\Program Files\Python313\Lib\site-packages\Cryptodome\Cipher\_mode_gcm.py", line 508, in verify
    raise ValueError("MAC check failed")
ValueError: MAC check failed

During handling of the above exception, another exception occurred:

Traceback (most recent call last):
  File "C:\Users\TeplyakovAV\VDL\vdl.py", line 315, in get_cookies_for_platform
    extracted_cj = browser_functions[browser](domain_name=domain)
  File "C:\Program Files\Python313\Lib\site-packages\browser_cookie3\__init__.py", line 1320, in chrome
    return Chrome(cookie_file, domain_name, key_file).load()
           ~~~~~~~~~~~~~~~~~~~~~~~~~~~~~~~~~~~~~~~~~~~~~~~^^
  File "C:\Program Files\Python313\Lib\site-packages\browser_cookie3\__init__.py", line 550, in load
    value = self._decrypt(value, enc_value, has_integrity_check_for_cookie_domain)
  File "C:\Program Files\Python313\Lib\site-packages\browser_cookie3\__init__.py", line 614, in _decrypt
    raise BrowserCookieError(
        'Unable to get key for cookie decryption')
browser_cookie3.BrowserCookieError: Unable to get key for cookie decryption

[2025-07-11 15:31:28.930453] –ü–æ–ø—ã—Ç–∫–∞ –ø–æ–ª—É—á–∏—Ç—å –∫—É–∫–∏ –¥–ª—è Youtube –∏–∑ –±—Ä–∞—É–∑–µ—Ä–∞: firefox
[2025-07-11 15:31:28.931018] –ü—Ä–æ–±—É–µ–º –¥–æ–º–µ–Ω youtube.com –≤ firefox
[2025-07-11 15:31:28.969522] –ö—É–∫–∏ –¥–ª—è Youtube —É—Å–ø–µ—à–Ω–æ –ø–æ–ª—É—á–µ–Ω—ã –∏–∑ Firefox.
[2025-07-11 15:31:28.971275] –ö—É–∫–∏ —É—Å–ø–µ—à–Ω–æ —Å–æ—Ö—Ä–∞–Ω–µ–Ω—ã –≤ —Ñ–∞–π–ª: cookies_yt.txt
[2025-07-11 15:31:28.972590] get_video_info: –ò—Å–ø–æ–ª—å–∑—É–µ–º cookiefile: cookies_yt.txt
[2025-07-11 15:31:28.973273] get_video_info: –ó–∞–ø—Ä–æ—Å –∏–Ω—Ñ–æ—Ä–º–∞—Ü–∏–∏ –¥–ª—è URL: https://www.youtube.com/watch?v=Bqavq5pUC04 —Å –æ–ø—Ü–∏—è–º–∏: {'quiet': True, 'skip_download': True, 'extract_flat': True, 'cookiefile': 'cookies_yt.txt'}
[2025-07-11 15:31:32.463610] get_video_info: –ó–∞–ø—Ä–æ—Å –∏–Ω—Ñ–æ—Ä–º–∞—Ü–∏–∏ –¥–ª—è URL: https://www.youtube.com/watch?v=Bqavq5pUC04 —Å –æ–ø—Ü–∏—è–º–∏: {'quiet': True, 'skip_download': True, 'extract_flat': True}
[2025-07-11 15:31:36.006619] –ó–∞–≤–µ—Ä—à–µ–Ω–∏–µ —Ä–∞–±–æ—Ç—ã —Å–∫—Ä–∏–ø—Ç–∞.

============================================================
--- –ù–∞—á–∏–Ω–∞–µ—Ç—Å—è –Ω–æ–≤—ã–π —Å–µ–∞–Ω—Å –æ—Ç–ª–∞–¥–∫–∏ [2025-07-11 15:32:55.515431] ---
[2025-07-11 15:32:55.515060] –ü–æ–∏—Å–∫ ffmpeg: –ü—Ä–æ–≤–µ—Ä—è–µ–º –ª–æ–∫–∞–ª—å–Ω—ã–π –ø—É—Ç—å: C:\Users\TeplyakovAV\VDL\ffmpeg.exe
[2025-07-11 15:32:55.520747] –ü–æ–∏—Å–∫ ffmpeg: –ü—Ä–æ–≤–µ—Ä—è–µ–º —Å–∏—Å—Ç–µ–º–Ω—ã–π PATH: C:\WINDOWS\system32\ffmpeg.EXE
[2025-07-11 15:32:55.521453] FFmpeg –Ω–∞–π–¥–µ–Ω –≤ —Å–∏—Å—Ç–µ–º–Ω–æ–º PATH: C:\WINDOWS\system32\ffmpeg.EXE
[2025-07-11 15:32:57.772680] –í–≤–µ–¥–µ–Ω–∞ —Å—Å—ã–ª–∫–∞: https://www.youtube.com/playlist?list=PL_saLI-LH-Vr-zw0pkQIBNGbpzalH-XLO
[2025-07-11 15:32:57.773664] –û–ø—Ä–µ–¥–µ–ª–µ–Ω–∞ –ø–ª–∞—Ç—Ñ–æ—Ä–º–∞: youtube –¥–ª—è URL: https://www.youtube.com/playlist?list=PL_saLI-LH-Vr-zw0pkQIBNGbpzalH-XLO
[2025-07-11 15:32:58.952350] –§–∞–π–ª –∫—É–∫–æ–≤ 'cookies_yt.txt' —Å—É—â–µ—Å—Ç–≤—É–µ—Ç –∏ –ø—Ä–æ—à—ë–ª –ø—Ä–æ–≤–µ—Ä–∫—É. –ò—Å–ø–æ–ª—å–∑—É–µ–º –µ–≥–æ.
[2025-07-11 15:32:58.953121] get_video_info: –ò—Å–ø–æ–ª—å–∑—É–µ–º cookiefile: cookies_yt.txt
[2025-07-11 15:32:58.953752] get_video_info: –ó–∞–ø—Ä–æ—Å –∏–Ω—Ñ–æ—Ä–º–∞—Ü–∏–∏ –¥–ª—è URL: https://www.youtube.com/playlist?list=PL_saLI-LH-Vr-zw0pkQIBNGbpzalH-XLO —Å –æ–ø—Ü–∏—è–º–∏: {'quiet': True, 'skip_download': True, 'extract_flat': True, 'cookiefile': 'cookies_yt.txt'}
[2025-07-11 15:33:02.765035] get_video_info: –ü–æ–ª—É—á–µ–Ω–∞ –∏–Ω—Ñ–æ—Ä–º–∞—Ü–∏—è –æ –≤–∏–¥–µ–æ. Title: Honest Ads (Now on its very own Channel!), ID: PL_saLI-LH-Vr-zw0pkQIBNGbpzalH-XLO
[2025-07-11 15:33:02.770397] –û–±–Ω–∞—Ä—É–∂–µ–Ω –ø–ª–µ–π–ª–∏—Å—Ç. –ö–æ–ª–∏—á–µ—Å—Ç–≤–æ –≤–∏–¥–µ–æ: 79
[2025-07-11 15:33:05.341845] –í—ã–±—Ä–∞–Ω—ã –Ω–æ–º–µ—Ä–∞ –≤–∏–¥–µ–æ –¥–ª—è —Å–∫–∞—á–∏–≤–∞–Ω–∏—è: [17, 18, 19, 20, 21, 22, 23, 24, 25, 26, 27, 28, 29, 30, 31, 32, 33, 34, 35, 36, 37, 38, 39, 40, 41, 42, 43, 44, 45, 46, 47, 48, 49, 50, 51, 52, 53, 54, 55, 56, 57, 58, 59, 60, 61, 62, 63, 64, 65, 66, 67, 68, 69, 70, 71, 72, 73, 74, 75, 76, 77, 78, 79]
[2025-07-11 15:33:06.770178] –§–∞–π–ª –∫—É–∫–æ–≤ 'cookies_yt.txt' —Å—É—â–µ—Å—Ç–≤—É–µ—Ç –∏ –ø—Ä–æ—à—ë–ª –ø—Ä–æ–≤–µ—Ä–∫—É. –ò—Å–ø–æ–ª—å–∑—É–µ–º –µ–≥–æ.
[2025-07-11 15:33:06.770753] get_video_info: –ò—Å–ø–æ–ª—å–∑—É–µ–º cookiefile: cookies_yt.txt
[2025-07-11 15:33:06.771358] get_video_info: –ó–∞–ø—Ä–æ—Å –∏–Ω—Ñ–æ—Ä–º–∞—Ü–∏–∏ –¥–ª—è URL: https://www.youtube.com/watch?v=Bqavq5pUC04 —Å –æ–ø—Ü–∏—è–º–∏: {'quiet': True, 'skip_download': True, 'extract_flat': True, 'cookiefile': 'cookies_yt.txt'}
[2025-07-11 15:33:14.933789] get_video_info: –ü–æ–ª—É—á–µ–Ω–∞ –∏–Ω—Ñ–æ—Ä–º–∞—Ü–∏—è –æ –≤–∏–¥–µ–æ. Title: If Megachurches Were Honest | Honest Ads, ID: Bqavq5pUC04
[2025-07-11 15:33:18.276130] –í—ã–±—Ä–∞–Ω –≤–∏–¥–µ–æ—Ñ–æ—Ä–º–∞—Ç: id=137, ext=mp4, vcodec=avc1.640028
[2025-07-11 15:33:19.876037] –í—ã–±—Ä–∞–Ω –∞—É–¥–∏–æ: id=140, ext=m4a, acodec=mp4a.40.2
[2025-07-11 15:33:24.540046] –ü–æ–ª—å–∑–æ–≤–∞—Ç–µ–ª—å –≤—ã–±—Ä–∞–ª —Å–æ—Ö—Ä–∞–Ω–∏—Ç—å –≥–ª–∞–≤—ã: True
[2025-07-11 15:33:28.194300] –ù–∞—á–∞–ª—å–Ω—ã–π/–¥–µ—Ñ–æ–ª—Ç–Ω—ã–π –≤—ã—Ö–æ–¥–Ω–æ–π —Ñ–æ—Ä–º–∞—Ç: mp4 (–∏–Ω–¥–µ–∫—Å 0)
[2025-07-11 15:33:30.228939] –í—ã–±—Ä–∞–Ω —Ñ–æ—Ä–º–∞—Ç –ø–æ —É–º–æ–ª—á–∞–Ω–∏—é: mp4
[2025-07-11 15:33:30.229688] –ò–Ω—Ç–µ–≥—Ä–∞—Ü–∏—è —Å—É–±—Ç–∏—Ç—Ä–æ–≤: False, —è–∑—ã–∫–∏: [], keep files: True
[2025-07-11 15:33:30.230478] –û—Ä–∏–≥–∏–Ω–∞–ª—å–Ω–æ–µ –Ω–∞–∑–≤–∞–Ω–∏–µ –≤–∏–¥–µ–æ: 'If Megachurches Were Honest | Honest Ads', –ë–µ–∑–æ–ø–∞—Å–Ω–æ–µ –Ω–∞–∑–≤–∞–Ω–∏–µ: 'If Megachurches Were Honest  Honest Ads'
[2025-07-11 15:33:30.230991] –ü—Ä–µ–¥–ª–∞–≥–∞–µ–º–æ–µ –∏–º—è —Ñ–∞–π–ª–∞ (–ø–æ —É–º–æ–ª—á–∞–Ω–∏—é): If Megachurches Were Honest  Honest Ads
[2025-07-11 15:33:30.231500] –ü—Ä–æ–≤–µ—Ä–∫–∞ –∏–º–µ–Ω–∏ —Ñ–∞–π–ª–∞: F:/Video/Honest ADs (cracked_com)\If Megachurches Were Honest  Honest Ads.mp4
[2025-07-11 15:33:31.043778] –§–∞–π–ª 'F:/Video/Honest ADs (cracked_com)\If Megachurches Were Honest  Honest Ads.mp4' –Ω–µ —Å—É—â–µ—Å—Ç–≤—É–µ—Ç. –ò—Å–ø–æ–ª—å–∑—É–µ–º —ç—Ç–æ –∏–º—è.
[2025-07-11 15:33:31.044704] –§–∏–Ω–∞–ª—å–Ω–æ–µ –∏–º—è —Ñ–∞–π–ª–∞, –≤—ã–±—Ä–∞–Ω–Ω–æ–µ –ø–æ–ª—å–∑–æ–≤–∞—Ç–µ–ª–µ–º: 'If Megachurches Were Honest  Honest Ads'
[2025-07-11 15:33:31.047535] –§–∞–π–ª –≥–ª–∞–≤ —Å–æ—Ö—Ä–∞–Ω—ë–Ω –≤ —Ñ–æ—Ä–º–∞—Ç–µ ffmetadata: F:/Video/Honest ADs (cracked_com)\If Megachurches Were Honest  Honest Ads.chapters.txt
[2025-07-11 15:33:31.048098] subtitle_options –ø–µ—Ä–µ–¥–∞–Ω—ã: None
[2025-07-11 15:33:31.048561] yt‚Äëdlp outtmpl: F:/Video/Honest ADs (cracked_com)\If Megachurches Were Honest  Honest Ads.%(ext)s
[2025-07-11 15:33:31.049013] –ü–æ–∏—Å–∫ ffmpeg: –ü—Ä–æ–≤–µ—Ä—è–µ–º –ª–æ–∫–∞–ª—å–Ω—ã–π –ø—É—Ç—å: C:\Users\TeplyakovAV\VDL\ffmpeg.exe
[2025-07-11 15:33:31.053645] –ü–æ–∏—Å–∫ ffmpeg: –ü—Ä–æ–≤–µ—Ä—è–µ–º —Å–∏—Å—Ç–µ–º–Ω—ã–π PATH: C:\WINDOWS\system32\ffmpeg.EXE
[2025-07-11 15:33:31.054448] FFmpeg –Ω–∞–π–¥–µ–Ω –≤ —Å–∏—Å—Ç–µ–º–Ω–æ–º PATH: C:\WINDOWS\system32\ffmpeg.EXE
[2025-07-11 15:33:31.055010] –í—ã–±—Ä–∞–Ω–æ –¥–≤–∞ –ø–æ—Ç–æ–∫–∞: 137+140
[2025-07-11 15:33:31.055519] merge_output_format = mp4
[2025-07-11 15:33:31.055991] cookiefile = cookies_yt.txt
[2025-07-11 15:33:31.056710] –ó–∞–ø—É—Å–∫ yt‚Äëdlp, –ø–æ–ø—ã—Ç–∫–∞ 1/15: {'format': '137+140', 'outtmpl': 'F:/Video/Honest ADs (cracked_com)\\If Megachurches Were Honest  Honest Ads.%(ext)s', 'quiet': False, 'ffmpeg_location': 'C:\\WINDOWS\\system32\\ffmpeg.EXE', 'overwrites': True, 'continuedl': True, 'writedescription': False, 'writeinfojson': False, 'writesubtitles': False, 'progress_hooks': [<function download_video.<locals>.phook at 0x000001D0DD52B9C0>], 'merge_output_format': 'mp4', 'cookiefile': 'cookies_yt.txt'}
[2025-07-11 15:35:50.980918] –§–∞–π–ª —Å–∫–∞—á–∞–Ω: F:\Video\Honest ADs (cracked_com)\If Megachurches Were Honest  Honest Ads.f137.mp4
[2025-07-11 15:36:05.976165] –§–∞–π–ª —Å–∫–∞—á–∞–Ω: F:\Video\Honest ADs (cracked_com)\If Megachurches Were Honest  Honest Ads.f140.m4a
[2025-07-11 15:36:09.855464] –§–∞–π–ª –∫—É–∫–æ–≤ 'cookies_yt.txt' —Å—É—â–µ—Å—Ç–≤—É–µ—Ç –∏ –ø—Ä–æ—à—ë–ª –ø—Ä–æ–≤–µ—Ä–∫—É. –ò—Å–ø–æ–ª—å–∑—É–µ–º –µ–≥–æ.
[2025-07-11 15:36:09.856235] get_video_info: –ò—Å–ø–æ–ª—å–∑—É–µ–º cookiefile: cookies_yt.txt
[2025-07-11 15:36:09.856932] get_video_info: –ó–∞–ø—Ä–æ—Å –∏–Ω—Ñ–æ—Ä–º–∞—Ü–∏–∏ –¥–ª—è URL: https://www.youtube.com/watch?v=Y6g7D2Nh5T0 —Å –æ–ø—Ü–∏—è–º–∏: {'quiet': True, 'skip_download': True, 'extract_flat': True, 'cookiefile': 'cookies_yt.txt'}
[2025-07-11 15:36:17.037345] get_video_info: –ü–æ–ª—É—á–µ–Ω–∞ –∏–Ω—Ñ–æ—Ä–º–∞—Ü–∏—è –æ –≤–∏–¥–µ–æ. Title: The Bizarre Unspoken Truth About Pet Ownership - Honest Ads, ID: Y6g7D2Nh5T0
[2025-07-11 15:36:17.041061] –û—Ä–∏–≥–∏–Ω–∞–ª—å–Ω–æ–µ –Ω–∞–∑–≤–∞–Ω–∏–µ –≤–∏–¥–µ–æ: 'The Bizarre Unspoken Truth About Pet Ownership - Honest Ads', –ë–µ–∑–æ–ø–∞—Å–Ω–æ–µ –Ω–∞–∑–≤–∞–Ω–∏–µ: 'The Bizarre Unspoken Truth About Pet Ownership - Honest Ads'
[2025-07-11 15:36:17.041803] –§–∏–Ω–∞–ª—å–Ω–æ–µ –∏–º—è —Ñ–∞–π–ª–∞ (–∞–≤—Ç–æ–º–∞—Ç–∏—á–µ—Å–∫–∏): 'The Bizarre Unspoken Truth About Pet Ownership - Honest Ads' (–∞–≤—Ç–æ–º–∞—Ç–∏—á–µ—Å–∫–∏–π —Ä–µ–∂–∏–º)
[2025-07-11 15:36:17.042250] subtitle_options –ø–µ—Ä–µ–¥–∞–Ω—ã: None
[2025-07-11 15:36:17.042813] yt‚Äëdlp outtmpl: F:/Video/Honest ADs (cracked_com)\The Bizarre Unspoken Truth About Pet Ownership - Honest Ads.%(ext)s
[2025-07-11 15:36:17.043350] –ü–æ–∏—Å–∫ ffmpeg: –ü—Ä–æ–≤–µ—Ä—è–µ–º –ª–æ–∫–∞–ª—å–Ω—ã–π –ø—É—Ç—å: C:\Users\TeplyakovAV\VDL\ffmpeg.exe
[2025-07-11 15:36:17.047967] –ü–æ–∏—Å–∫ ffmpeg: –ü—Ä–æ–≤–µ—Ä—è–µ–º —Å–∏—Å—Ç–µ–º–Ω—ã–π PATH: C:\WINDOWS\system32\ffmpeg.EXE
[2025-07-11 15:36:17.048486] FFmpeg –Ω–∞–π–¥–µ–Ω –≤ —Å–∏—Å—Ç–µ–º–Ω–æ–º PATH: C:\WINDOWS\system32\ffmpeg.EXE
[2025-07-11 15:36:17.048908] –í—ã–±—Ä–∞–Ω–æ –¥–≤–∞ –ø–æ—Ç–æ–∫–∞: 137+140
[2025-07-11 15:36:17.049360] merge_output_format = mp4
[2025-07-11 15:36:17.049811] cookiefile = cookies_yt.txt
[2025-07-11 15:36:17.050475] –ó–∞–ø—É—Å–∫ yt‚Äëdlp, –ø–æ–ø—ã—Ç–∫–∞ 1/15: {'format': '137+140', 'outtmpl': 'F:/Video/Honest ADs (cracked_com)\\The Bizarre Unspoken Truth About Pet Ownership - Honest Ads.%(ext)s', 'quiet': False, 'ffmpeg_location': 'C:\\WINDOWS\\system32\\ffmpeg.EXE', 'overwrites': True, 'continuedl': True, 'writedescription': False, 'writeinfojson': False, 'writesubtitles': False, 'progress_hooks': [<function download_video.<locals>.phook at 0x000001D0DDB8CE00>], 'merge_output_format': 'mp4', 'cookiefile': 'cookies_yt.txt'}
[2025-07-11 15:37:35.021441] –§–∞–π–ª —Å–∫–∞—á–∞–Ω: F:\Video\Honest ADs (cracked_com)\The Bizarre Unspoken Truth About Pet Ownership - Honest Ads.f137.mp4
[2025-07-11 15:37:49.441279] –§–∞–π–ª —Å–∫–∞—á–∞–Ω: F:\Video\Honest ADs (cracked_com)\The Bizarre Unspoken Truth About Pet Ownership - Honest Ads.f140.m4a
[2025-07-11 15:37:51.599068] –§–∞–π–ª –∫—É–∫–æ–≤ 'cookies_yt.txt' —Å—É—â–µ—Å—Ç–≤—É–µ—Ç –∏ –ø—Ä–æ—à—ë–ª –ø—Ä–æ–≤–µ—Ä–∫—É. –ò—Å–ø–æ–ª—å–∑—É–µ–º –µ–≥–æ.
[2025-07-11 15:37:51.599628] get_video_info: –ò—Å–ø–æ–ª—å–∑—É–µ–º cookiefile: cookies_yt.txt
[2025-07-11 15:37:51.600085] get_video_info: –ó–∞–ø—Ä–æ—Å –∏–Ω—Ñ–æ—Ä–º–∞—Ü–∏–∏ –¥–ª—è URL: https://www.youtube.com/watch?v=FM95_k9onEc —Å –æ–ø—Ü–∏—è–º–∏: {'quiet': True, 'skip_download': True, 'extract_flat': True, 'cookiefile': 'cookies_yt.txt'}
[2025-07-11 15:37:59.508467] get_video_info: –ü–æ–ª—É—á–µ–Ω–∞ –∏–Ω—Ñ–æ—Ä–º–∞—Ü–∏—è –æ –≤–∏–¥–µ–æ. Title: If Milk Commercials Were Honest - Honest Ads, ID: FM95_k9onEc
[2025-07-11 15:37:59.517058] –û—Ä–∏–≥–∏–Ω–∞–ª—å–Ω–æ–µ –Ω–∞–∑–≤–∞–Ω–∏–µ –≤–∏–¥–µ–æ: 'If Milk Commercials Were Honest - Honest Ads', –ë–µ–∑–æ–ø–∞—Å–Ω–æ–µ –Ω–∞–∑–≤–∞–Ω–∏–µ: 'If Milk Commercials Were Honest - Honest Ads'
[2025-07-11 15:37:59.518124] –§–∏–Ω–∞–ª—å–Ω–æ–µ –∏–º—è —Ñ–∞–π–ª–∞ (–∞–≤—Ç–æ–º–∞—Ç–∏—á–µ—Å–∫–∏): 'If Milk Commercials Were Honest - Honest Ads' (–∞–≤—Ç–æ–º–∞—Ç–∏—á–µ—Å–∫–∏–π —Ä–µ–∂–∏–º)
[2025-07-11 15:37:59.518857] subtitle_options –ø–µ—Ä–µ–¥–∞–Ω—ã: None
[2025-07-11 15:37:59.519549] yt‚Äëdlp outtmpl: F:/Video/Honest ADs (cracked_com)\If Milk Commercials Were Honest - Honest Ads.%(ext)s
[2025-07-11 15:37:59.520189] –ü–æ–∏—Å–∫ ffmpeg: –ü—Ä–æ–≤–µ—Ä—è–µ–º –ª–æ–∫–∞–ª—å–Ω—ã–π –ø—É—Ç—å: C:\Users\TeplyakovAV\VDL\ffmpeg.exe
[2025-07-11 15:37:59.527649] –ü–æ–∏—Å–∫ ffmpeg: –ü—Ä–æ–≤–µ—Ä—è–µ–º —Å–∏—Å—Ç–µ–º–Ω—ã–π PATH: C:\WINDOWS\system32\ffmpeg.EXE
[2025-07-11 15:37:59.528523] FFmpeg –Ω–∞–π–¥–µ–Ω –≤ —Å–∏—Å—Ç–µ–º–Ω–æ–º PATH: C:\WINDOWS\system32\ffmpeg.EXE
[2025-07-11 15:37:59.529079] –í—ã–±—Ä–∞–Ω–æ –¥–≤–∞ –ø–æ—Ç–æ–∫–∞: 137+140
[2025-07-11 15:37:59.529581] merge_output_format = mp4
[2025-07-11 15:37:59.530634] cookiefile = cookies_yt.txt
[2025-07-11 15:37:59.531638] –ó–∞–ø—É—Å–∫ yt‚Äëdlp, –ø–æ–ø—ã—Ç–∫–∞ 1/15: {'format': '137+140', 'outtmpl': 'F:/Video/Honest ADs (cracked_com)\\If Milk Commercials Were Honest - Honest Ads.%(ext)s', 'quiet': False, 'ffmpeg_location': 'C:\\WINDOWS\\system32\\ffmpeg.EXE', 'overwrites': True, 'continuedl': True, 'writedescription': False, 'writeinfojson': False, 'writesubtitles': False, 'progress_hooks': [<function download_video.<locals>.phook at 0x000001D0DD564400>], 'merge_output_format': 'mp4', 'cookiefile': 'cookies_yt.txt'}
