
============================================================
--- Начинается новый сеанс отладки [2025-07-11 14:44:09.470994] ---
[2025-07-11 14:44:09.468955] Поиск ffmpeg: Проверяем локальный путь: C:\Users\TeplyakovAV\VDL\ffmpeg.exe
[2025-07-11 14:44:09.478615] Поиск ffmpeg: Проверяем системный PATH: C:\WINDOWS\system32\ffmpeg.EXE
[2025-07-11 14:44:09.479582] FFmpeg найден в системном PATH: C:\WINDOWS\system32\ffmpeg.EXE
[2025-07-11 14:44:11.811855] Введена ссылка: https://www.youtube.com/playlist?list=PL_saLI-LH-Vr-zw0pkQIBNGbpzalH-XLO
[2025-07-11 14:44:11.813473] Определена платформа: youtube для URL: https://www.youtube.com/playlist?list=PL_saLI-LH-Vr-zw0pkQIBNGbpzalH-XLO
[2025-07-11 14:44:13.319754] Файл куков 'cookies_yt.txt' существует и прошёл проверку. Используем его.
[2025-07-11 14:44:13.320487] get_video_info: Используем cookiefile: cookies_yt.txt
[2025-07-11 14:44:13.321188] get_video_info: Запрос информации для URL: https://www.youtube.com/playlist?list=PL_saLI-LH-Vr-zw0pkQIBNGbpzalH-XLO с опциями: {'quiet': True, 'skip_download': True, 'extract_flat': True, 'cookiefile': 'cookies_yt.txt'}
[2025-07-11 14:44:17.816149] get_video_info: Получена информация о видео. Title: Honest Ads (Now on its very own Channel!), ID: PL_saLI-LH-Vr-zw0pkQIBNGbpzalH-XLO
[2025-07-11 14:44:17.955250] Обнаружен плейлист. Количество видео: 79
[2025-07-11 14:44:20.636865] Выбраны номера видео для скачивания: [7, 8, 9, 10, 11, 12, 13, 14, 15, 16, 17, 18, 19, 20, 21, 22, 23, 24, 25, 26, 27, 28, 29, 30, 31, 32, 33, 34, 35, 36, 37, 38, 39, 40, 41, 42, 43, 44, 45, 46, 47, 48, 49, 50, 51, 52, 53, 54, 55, 56, 57, 58, 59, 60, 61, 62, 63, 64, 65, 66, 67, 68, 69, 70, 71, 72, 73, 74, 75, 76, 77, 78, 79]
[2025-07-11 14:44:22.354926] Файл куков 'cookies_yt.txt' существует и прошёл проверку. Используем его.
[2025-07-11 14:44:22.355946] get_video_info: Используем cookiefile: cookies_yt.txt
[2025-07-11 14:44:22.356614] get_video_info: Запрос информации для URL: https://www.youtube.com/watch?v=75gwlQlMLbk с опциями: {'quiet': True, 'skip_download': True, 'extract_flat': True, 'cookiefile': 'cookies_yt.txt'}
[2025-07-11 14:44:33.170458] get_video_info: Получена информация о видео. Title: If Cell Phone Commercials Were Honest - Honest Ads (iPhone, Android), ID: 75gwlQlMLbk
[2025-07-11 14:44:38.507212] Выбран видеоформат: id=137, ext=mp4, vcodec=avc1.640028
[2025-07-11 14:44:39.812420] Выбран аудио: id=140, ext=m4a, acodec=mp4a.40.2
[2025-07-11 14:44:50.754066] Начальный/дефолтный выходной формат: mp4 (индекс 0)
[2025-07-11 14:44:51.629718] Выбран формат по умолчанию: mp4
[2025-07-11 14:44:51.630946] Интеграция субтитров: False, языки: [], keep files: True
[2025-07-11 14:44:51.631972] Оригинальное название видео: 'If Cell Phone Commercials Were Honest - Honest Ads (iPhone, Android)', Безопасное название: 'If Cell Phone Commercials Were Honest - Honest Ads (iPhone, Android)'
[2025-07-11 14:44:51.632760] Предлагаемое имя файла (по умолчанию): If Cell Phone Commercials Were Honest - Honest Ads (iPhone, Android)
[2025-07-11 14:44:51.633662] Проверка имени файла: F:/Video/Honest ADs (cracked_com)\If Cell Phone Commercials Were Honest - Honest Ads (iPhone, Android).mp4
[2025-07-11 14:44:53.028052] Файл 'F:/Video/Honest ADs (cracked_com)\If Cell Phone Commercials Were Honest - Honest Ads (iPhone, Android).mp4' не существует. Используем это имя.
[2025-07-11 14:44:53.030103] Финальное имя файла, выбранное пользователем: 'If Cell Phone Commercials Were Honest - Honest Ads (iPhone, Android)'
[2025-07-11 14:44:53.030784] subtitle_options переданы: None
[2025-07-11 14:44:53.031336] yt‑dlp outtmpl: F:/Video/Honest ADs (cracked_com)\If Cell Phone Commercials Were Honest - Honest Ads (iPhone, Android).%(ext)s
[2025-07-11 14:44:53.031870] Поиск ffmpeg: Проверяем локальный путь: C:\Users\TeplyakovAV\VDL\ffmpeg.exe
[2025-07-11 14:44:53.039563] Поиск ffmpeg: Проверяем системный PATH: C:\WINDOWS\system32\ffmpeg.EXE
[2025-07-11 14:44:53.040377] FFmpeg найден в системном PATH: C:\WINDOWS\system32\ffmpeg.EXE
[2025-07-11 14:44:53.040960] Выбрано два потока: 137+140
[2025-07-11 14:44:53.041592] merge_output_format = mp4
[2025-07-11 14:44:53.042223] cookiefile = cookies_yt.txt
[2025-07-11 14:44:53.043035] Запуск yt‑dlp, попытка 1/15: {'format': '137+140', 'outtmpl': 'F:/Video/Honest ADs (cracked_com)\\If Cell Phone Commercials Were Honest - Honest Ads (iPhone, Android).%(ext)s', 'quiet': False, 'ffmpeg_location': 'C:\\WINDOWS\\system32\\ffmpeg.EXE', 'overwrites': True, 'continuedl': True, 'writedescription': False, 'writeinfojson': False, 'writesubtitles': False, 'progress_hooks': [<function download_video.<locals>.phook at 0x000001F199534A40>], 'merge_output_format': 'mp4', 'cookiefile': 'cookies_yt.txt'}
[2025-07-11 14:46:45.818630] Файл скачан: F:\Video\Honest ADs (cracked_com)\If Cell Phone Commercials Were Honest - Honest Ads (iPhone, Android).f137.mp4
[2025-07-11 14:46:57.198151] Файл скачан: F:\Video\Honest ADs (cracked_com)\If Cell Phone Commercials Were Honest - Honest Ads (iPhone, Android).f140.m4a
[2025-07-11 14:47:09.466212] Файл куков 'cookies_yt.txt' существует и прошёл проверку. Используем его.
[2025-07-11 14:47:09.466761] get_video_info: Используем cookiefile: cookies_yt.txt
[2025-07-11 14:47:09.467358] get_video_info: Запрос информации для URL: https://www.youtube.com/watch?v=ngEhgqGlyjQ с опциями: {'quiet': True, 'skip_download': True, 'extract_flat': True, 'cookiefile': 'cookies_yt.txt'}
[2025-07-11 14:47:16.606635] get_video_info: Получена информация о видео. Title: If Video Game Commercials Were Honest - Honest Ads (Playstation X-Box Gamer Video Games Parody), ID: ngEhgqGlyjQ
[2025-07-11 14:47:16.611382] Оригинальное название видео: 'If Video Game Commercials Were Honest - Honest Ads (Playstation X-Box Gamer Video Games Parody)', Безопасное название: 'If Video Game Commercials Were Honest - Honest Ads (Playstation X-Box Gamer Video Games Parody)'
[2025-07-11 14:47:16.612292] Финальное имя файла (автоматически): 'If Video Game Commercials Were Honest - Honest Ads (Playstation X-Box Gamer Video Games Parody)' (автоматический режим)
[2025-07-11 14:47:16.612963] subtitle_options переданы: None
[2025-07-11 14:47:16.613689] yt‑dlp outtmpl: F:/Video/Honest ADs (cracked_com)\If Video Game Commercials Were Honest - Honest Ads (Playstation X-Box Gamer Video Games Parody).%(ext)s
[2025-07-11 14:47:16.614427] Поиск ffmpeg: Проверяем локальный путь: C:\Users\TeplyakovAV\VDL\ffmpeg.exe
[2025-07-11 14:47:16.623950] Поиск ffmpeg: Проверяем системный PATH: C:\WINDOWS\system32\ffmpeg.EXE
[2025-07-11 14:47:16.624800] FFmpeg найден в системном PATH: C:\WINDOWS\system32\ffmpeg.EXE
[2025-07-11 14:47:16.625754] Выбрано два потока: 137+140
[2025-07-11 14:47:16.626713] merge_output_format = mp4
[2025-07-11 14:47:16.627512] cookiefile = cookies_yt.txt
[2025-07-11 14:47:16.628662] Запуск yt‑dlp, попытка 1/15: {'format': '137+140', 'outtmpl': 'F:/Video/Honest ADs (cracked_com)\\If Video Game Commercials Were Honest - Honest Ads (Playstation X-Box Gamer Video Games Parody).%(ext)s', 'quiet': False, 'ffmpeg_location': 'C:\\WINDOWS\\system32\\ffmpeg.EXE', 'overwrites': True, 'continuedl': True, 'writedescription': False, 'writeinfojson': False, 'writesubtitles': False, 'progress_hooks': [<function download_video.<locals>.phook at 0x000001F19B59E3E0>], 'merge_output_format': 'mp4', 'cookiefile': 'cookies_yt.txt'}
[2025-07-11 14:49:42.617357] Файл скачан: F:\Video\Honest ADs (cracked_com)\If Video Game Commercials Were Honest - Honest Ads (Playstation X-Box Gamer Video Games Parody).f137.mp4
[2025-07-11 14:49:55.596173] Файл скачан: F:\Video\Honest ADs (cracked_com)\If Video Game Commercials Were Honest - Honest Ads (Playstation X-Box Gamer Video Games Parody).f140.m4a
[2025-07-11 14:50:12.935637] Файл куков 'cookies_yt.txt' существует и прошёл проверку. Используем его.
[2025-07-11 14:50:12.936213] get_video_info: Используем cookiefile: cookies_yt.txt
[2025-07-11 14:50:12.936792] get_video_info: Запрос информации для URL: https://www.youtube.com/watch?v=61iKnKtwpUM с опциями: {'quiet': True, 'skip_download': True, 'extract_flat': True, 'cookiefile': 'cookies_yt.txt'}
[2025-07-11 14:50:20.603540] get_video_info: Получена информация о видео. Title: If Gyms Were Honest - Honest Ads, ID: 61iKnKtwpUM
[2025-07-11 14:50:20.612356] Оригинальное название видео: 'If Gyms Were Honest - Honest Ads', Безопасное название: 'If Gyms Were Honest - Honest Ads'
[2025-07-11 14:50:20.613531] Финальное имя файла (автоматически): 'If Gyms Were Honest - Honest Ads' (автоматический режим)
[2025-07-11 14:50:20.614295] subtitle_options переданы: None
[2025-07-11 14:50:20.614777] yt‑dlp outtmpl: F:/Video/Honest ADs (cracked_com)\If Gyms Were Honest - Honest Ads.%(ext)s
[2025-07-11 14:50:20.615340] Поиск ffmpeg: Проверяем локальный путь: C:\Users\TeplyakovAV\VDL\ffmpeg.exe
[2025-07-11 14:50:20.622473] Поиск ffmpeg: Проверяем системный PATH: C:\WINDOWS\system32\ffmpeg.EXE
[2025-07-11 14:50:20.623320] FFmpeg найден в системном PATH: C:\WINDOWS\system32\ffmpeg.EXE
[2025-07-11 14:50:20.623981] Выбрано два потока: 137+140
[2025-07-11 14:50:20.624650] merge_output_format = mp4
[2025-07-11 14:50:20.625317] cookiefile = cookies_yt.txt
[2025-07-11 14:50:20.626525] Запуск yt‑dlp, попытка 1/15: {'format': '137+140', 'outtmpl': 'F:/Video/Honest ADs (cracked_com)\\If Gyms Were Honest - Honest Ads.%(ext)s', 'quiet': False, 'ffmpeg_location': 'C:\\WINDOWS\\system32\\ffmpeg.EXE', 'overwrites': True, 'continuedl': True, 'writedescription': False, 'writeinfojson': False, 'writesubtitles': False, 'progress_hooks': [<function download_video.<locals>.phook at 0x000001F19B5E1120>], 'merge_output_format': 'mp4', 'cookiefile': 'cookies_yt.txt'}
[2025-07-11 14:52:07.675063] Файл скачан: F:\Video\Honest ADs (cracked_com)\If Gyms Were Honest - Honest Ads.f137.mp4
[2025-07-11 14:52:18.907921] Файл скачан: F:\Video\Honest ADs (cracked_com)\If Gyms Were Honest - Honest Ads.f140.m4a
[2025-07-11 14:52:30.381352] Файл куков 'cookies_yt.txt' существует и прошёл проверку. Используем его.
[2025-07-11 14:52:30.382312] get_video_info: Используем cookiefile: cookies_yt.txt
[2025-07-11 14:52:30.383153] get_video_info: Запрос информации для URL: https://www.youtube.com/watch?v=RBWywYirukE с опциями: {'quiet': True, 'skip_download': True, 'extract_flat': True, 'cookiefile': 'cookies_yt.txt'}
[2025-07-11 14:52:37.705184] get_video_info: Получена информация о видео. Title: If Smart Watch Commercials Were Honest - Honest Ads, ID: RBWywYirukE
[2025-07-11 14:52:37.708911] Оригинальное название видео: 'If Smart Watch Commercials Were Honest - Honest Ads', Безопасное название: 'If Smart Watch Commercials Were Honest - Honest Ads'
[2025-07-11 14:52:37.709657] Финальное имя файла (автоматически): 'If Smart Watch Commercials Were Honest - Honest Ads' (автоматический режим)
[2025-07-11 14:52:37.710107] subtitle_options переданы: None
[2025-07-11 14:52:37.710661] yt‑dlp outtmpl: F:/Video/Honest ADs (cracked_com)\If Smart Watch Commercials Were Honest - Honest Ads.%(ext)s
[2025-07-11 14:52:37.711149] Поиск ffmpeg: Проверяем локальный путь: C:\Users\TeplyakovAV\VDL\ffmpeg.exe
[2025-07-11 14:52:37.715719] Поиск ffmpeg: Проверяем системный PATH: C:\WINDOWS\system32\ffmpeg.EXE
[2025-07-11 14:52:37.716243] FFmpeg найден в системном PATH: C:\WINDOWS\system32\ffmpeg.EXE
[2025-07-11 14:52:37.716661] Выбрано два потока: 137+140
[2025-07-11 14:52:37.717090] merge_output_format = mp4
[2025-07-11 14:52:37.717631] cookiefile = cookies_yt.txt
[2025-07-11 14:52:37.718284] Запуск yt‑dlp, попытка 1/15: {'format': '137+140', 'outtmpl': 'F:/Video/Honest ADs (cracked_com)\\If Smart Watch Commercials Were Honest - Honest Ads.%(ext)s', 'quiet': False, 'ffmpeg_location': 'C:\\WINDOWS\\system32\\ffmpeg.EXE', 'overwrites': True, 'continuedl': True, 'writedescription': False, 'writeinfojson': False, 'writesubtitles': False, 'progress_hooks': [<function download_video.<locals>.phook at 0x000001F19B5AC2C0>], 'merge_output_format': 'mp4', 'cookiefile': 'cookies_yt.txt'}
[2025-07-11 14:54:36.132715] Файл скачан: F:\Video\Honest ADs (cracked_com)\If Smart Watch Commercials Were Honest - Honest Ads.f137.mp4
[2025-07-11 14:54:46.656110] Файл скачан: F:\Video\Honest ADs (cracked_com)\If Smart Watch Commercials Were Honest - Honest Ads.f140.m4a
[2025-07-11 14:55:01.449269] Файл куков 'cookies_yt.txt' существует и прошёл проверку. Используем его.
[2025-07-11 14:55:01.449814] get_video_info: Используем cookiefile: cookies_yt.txt
[2025-07-11 14:55:01.450288] get_video_info: Запрос информации для URL: https://www.youtube.com/watch?v=giu23Ii3PAA с опциями: {'quiet': True, 'skip_download': True, 'extract_flat': True, 'cookiefile': 'cookies_yt.txt'}
[2025-07-11 14:55:08.395486] get_video_info: Получена информация о видео. Title: If Jewelry Commercials Were Honest, ID: giu23Ii3PAA
[2025-07-11 14:55:08.399108] Оригинальное название видео: 'If Jewelry Commercials Were Honest', Безопасное название: 'If Jewelry Commercials Were Honest'
[2025-07-11 14:55:08.399802] Финальное имя файла (автоматически): 'If Jewelry Commercials Were Honest' (автоматический режим)
[2025-07-11 14:55:08.400246] subtitle_options переданы: None
[2025-07-11 14:55:08.400740] yt‑dlp outtmpl: F:/Video/Honest ADs (cracked_com)\If Jewelry Commercials Were Honest.%(ext)s
[2025-07-11 14:55:08.401193] Поиск ffmpeg: Проверяем локальный путь: C:\Users\TeplyakovAV\VDL\ffmpeg.exe
[2025-07-11 14:55:08.406294] Поиск ffmpeg: Проверяем системный PATH: C:\WINDOWS\system32\ffmpeg.EXE
[2025-07-11 14:55:08.406906] FFmpeg найден в системном PATH: C:\WINDOWS\system32\ffmpeg.EXE
[2025-07-11 14:55:08.407373] Выбрано два потока: 137+140
[2025-07-11 14:55:08.407841] merge_output_format = mp4
[2025-07-11 14:55:08.408305] cookiefile = cookies_yt.txt
[2025-07-11 14:55:08.408976] Запуск yt‑dlp, попытка 1/15: {'format': '137+140', 'outtmpl': 'F:/Video/Honest ADs (cracked_com)\\If Jewelry Commercials Were Honest.%(ext)s', 'quiet': False, 'ffmpeg_location': 'C:\\WINDOWS\\system32\\ffmpeg.EXE', 'overwrites': True, 'continuedl': True, 'writedescription': False, 'writeinfojson': False, 'writesubtitles': False, 'progress_hooks': [<function download_video.<locals>.phook at 0x000001F19B5AFD80>], 'merge_output_format': 'mp4', 'cookiefile': 'cookies_yt.txt'}
[2025-07-11 14:56:29.075652] Файл скачан: F:\Video\Honest ADs (cracked_com)\If Jewelry Commercials Were Honest.f137.mp4
[2025-07-11 14:56:39.011458] Файл скачан: F:\Video\Honest ADs (cracked_com)\If Jewelry Commercials Were Honest.f140.m4a
[2025-07-11 14:56:42.068502] Файл куков 'cookies_yt.txt' существует и прошёл проверку. Используем его.
[2025-07-11 14:56:42.069039] get_video_info: Используем cookiefile: cookies_yt.txt
[2025-07-11 14:56:42.069573] get_video_info: Запрос информации для URL: https://www.youtube.com/watch?v=lhSjYT7pWkw с опциями: {'quiet': True, 'skip_download': True, 'extract_flat': True, 'cookiefile': 'cookies_yt.txt'}
[2025-07-11 14:56:49.788458] get_video_info: Получена информация о видео. Title: If High School and College Textbooks Were Honest - Honest Ads, ID: lhSjYT7pWkw
[2025-07-11 14:56:49.794851] Оригинальное название видео: 'If High School and College Textbooks Were Honest - Honest Ads', Безопасное название: 'If High School and College Textbooks Were Honest - Honest Ads'
[2025-07-11 14:56:49.795711] Финальное имя файла (автоматически): 'If High School and College Textbooks Were Honest - Honest Ads' (автоматический режим)
[2025-07-11 14:56:49.796459] subtitle_options переданы: None
[2025-07-11 14:56:49.797789] yt‑dlp outtmpl: F:/Video/Honest ADs (cracked_com)\If High School and College Textbooks Were Honest - Honest Ads.%(ext)s
[2025-07-11 14:56:49.800898] Поиск ffmpeg: Проверяем локальный путь: C:\Users\TeplyakovAV\VDL\ffmpeg.exe
[2025-07-11 14:56:49.809183] Поиск ffmpeg: Проверяем системный PATH: C:\WINDOWS\system32\ffmpeg.EXE
[2025-07-11 14:56:49.810067] FFmpeg найден в системном PATH: C:\WINDOWS\system32\ffmpeg.EXE
[2025-07-11 14:56:49.811160] Выбрано два потока: 137+140
[2025-07-11 14:56:49.811770] merge_output_format = mp4
[2025-07-11 14:56:49.812469] cookiefile = cookies_yt.txt
[2025-07-11 14:56:49.813771] Запуск yt‑dlp, попытка 1/15: {'format': '137+140', 'outtmpl': 'F:/Video/Honest ADs (cracked_com)\\If High School and College Textbooks Were Honest - Honest Ads.%(ext)s', 'quiet': False, 'ffmpeg_location': 'C:\\WINDOWS\\system32\\ffmpeg.EXE', 'overwrites': True, 'continuedl': True, 'writedescription': False, 'writeinfojson': False, 'writesubtitles': False, 'progress_hooks': [<function download_video.<locals>.phook at 0x000001F19B59D9E0>], 'merge_output_format': 'mp4', 'cookiefile': 'cookies_yt.txt'}
[2025-07-11 14:58:31.205307] Файл скачан: F:\Video\Honest ADs (cracked_com)\If High School and College Textbooks Were Honest - Honest Ads.f137.mp4
[2025-07-11 14:58:43.776363] Файл скачан: F:\Video\Honest ADs (cracked_com)\If High School and College Textbooks Were Honest - Honest Ads.f140.m4a
[2025-07-11 14:58:46.500135] Файл куков 'cookies_yt.txt' существует и прошёл проверку. Используем его.
[2025-07-11 14:58:46.500957] get_video_info: Используем cookiefile: cookies_yt.txt
[2025-07-11 14:58:46.501794] get_video_info: Запрос информации для URL: https://www.youtube.com/watch?v=Olj7yPkkY1Y с опциями: {'quiet': True, 'skip_download': True, 'extract_flat': True, 'cookiefile': 'cookies_yt.txt'}
[2025-07-11 14:58:54.105876] get_video_info: Получена информация о видео. Title: If Theme Parks Were Honest - Honest Ads (Disneyland, Six Flags Parody), ID: Olj7yPkkY1Y
[2025-07-11 14:58:54.111644] Оригинальное название видео: 'If Theme Parks Were Honest - Honest Ads (Disneyland, Six Flags Parody)', Безопасное название: 'If Theme Parks Were Honest - Honest Ads (Disneyland, Six Flags Parody)'
[2025-07-11 14:58:54.112619] Финальное имя файла (автоматически): 'If Theme Parks Were Honest - Honest Ads (Disneyland, Six Flags Parody)' (автоматический режим)
[2025-07-11 14:58:54.113367] subtitle_options переданы: None
[2025-07-11 14:58:54.114139] yt‑dlp outtmpl: F:/Video/Honest ADs (cracked_com)\If Theme Parks Were Honest - Honest Ads (Disneyland, Six Flags Parody).%(ext)s
[2025-07-11 14:58:54.114822] Поиск ffmpeg: Проверяем локальный путь: C:\Users\TeplyakovAV\VDL\ffmpeg.exe
[2025-07-11 14:58:54.122113] Поиск ffmpeg: Проверяем системный PATH: C:\WINDOWS\system32\ffmpeg.EXE
[2025-07-11 14:58:54.122949] FFmpeg найден в системном PATH: C:\WINDOWS\system32\ffmpeg.EXE
[2025-07-11 14:58:54.123605] Выбрано два потока: 137+140
[2025-07-11 14:58:54.124257] merge_output_format = mp4
[2025-07-11 14:58:54.124966] cookiefile = cookies_yt.txt
[2025-07-11 14:58:54.125938] Запуск yt‑dlp, попытка 1/15: {'format': '137+140', 'outtmpl': 'F:/Video/Honest ADs (cracked_com)\\If Theme Parks Were Honest - Honest Ads (Disneyland, Six Flags Parody).%(ext)s', 'quiet': False, 'ffmpeg_location': 'C:\\WINDOWS\\system32\\ffmpeg.EXE', 'overwrites': True, 'continuedl': True, 'writedescription': False, 'writeinfojson': False, 'writesubtitles': False, 'progress_hooks': [<function download_video.<locals>.phook at 0x000001F196026520>], 'merge_output_format': 'mp4', 'cookiefile': 'cookies_yt.txt'}
[2025-07-11 15:01:12.606663] Файл скачан: F:\Video\Honest ADs (cracked_com)\If Theme Parks Were Honest - Honest Ads (Disneyland, Six Flags Parody).f137.mp4
[2025-07-11 15:01:28.416811] Файл скачан: F:\Video\Honest ADs (cracked_com)\If Theme Parks Were Honest - Honest Ads (Disneyland, Six Flags Parody).f140.m4a
[2025-07-11 15:01:32.116970] Файл куков 'cookies_yt.txt' существует и прошёл проверку. Используем его.
[2025-07-11 15:01:32.117625] get_video_info: Используем cookiefile: cookies_yt.txt
[2025-07-11 15:01:32.118265] get_video_info: Запрос информации для URL: https://www.youtube.com/watch?v=FvjhdaWZ3hA с опциями: {'quiet': True, 'skip_download': True, 'extract_flat': True, 'cookiefile': 'cookies_yt.txt'}
[2025-07-11 15:01:36.527178] Попытка получить куки для Youtube из браузера: chrome
[2025-07-11 15:01:36.527975] Пробуем домен youtube.com в chrome
[2025-07-11 15:01:47.292895] BrowserCookieError при получении куков из chrome для Youtube:
Traceback (most recent call last):
  File "C:\Program Files\Python313\Lib\site-packages\yt_dlp\YoutubeDL.py", line 1662, in wrapper
    return func(self, *args, **kwargs)
  File "C:\Program Files\Python313\Lib\site-packages\yt_dlp\YoutubeDL.py", line 1797, in __extract_info
    ie_result = ie.extract(url)
  File "C:\Program Files\Python313\Lib\site-packages\yt_dlp\extractor\common.py", line 752, in extract
    ie_result = self._real_extract(url)
  File "C:\Program Files\Python313\Lib\site-packages\yt_dlp\extractor\youtube\_video.py", line 3829, in _real_extract
    self.raise_no_formats(reason, expected=True)
    ~~~~~~~~~~~~~~~~~~~~~^^^^^^^^^^^^^^^^^^^^^^^
  File "C:\Program Files\Python313\Lib\site-packages\yt_dlp\extractor\common.py", line 1273, in raise_no_formats
    raise ExtractorError(msg, expected=expected, video_id=video_id)
yt_dlp.utils.ExtractorError: [youtube] FvjhdaWZ3hA: Sign in to confirm you’re not a bot. Use --cookies-from-browser or --cookies for the authentication. See  https://github.com/yt-dlp/yt-dlp/wiki/FAQ#how-do-i-pass-cookies-to-yt-dlp  for how to manually pass cookies. Also see  https://github.com/yt-dlp/yt-dlp/wiki/Extractors#exporting-youtube-cookies  for tips on effectively exporting YouTube cookies

During handling of the above exception, another exception occurred:

Traceback (most recent call last):
  File "C:\Users\TeplyakovAV\VDL\vdl.py", line 374, in safe_get_video_info
    return get_video_info(url, platform, current_cookie if attempt != "none" else None)
  File "C:\Users\TeplyakovAV\VDL\vdl.py", line 352, in get_video_info
    info = ydl.extract_info(url, download=False)
  File "C:\Program Files\Python313\Lib\site-packages\yt_dlp\YoutubeDL.py", line 1651, in extract_info
    return self.__extract_info(url, self.get_info_extractor(key), download, extra_info, process)
           ~~~~~~~~~~~~~~~~~~~^^^^^^^^^^^^^^^^^^^^^^^^^^^^^^^^^^^^^^^^^^^^^^^^^^^^^^^^^^^^^^^^^^
  File "C:\Program Files\Python313\Lib\site-packages\yt_dlp\YoutubeDL.py", line 1680, in wrapper
    self.report_error(str(e), e.format_traceback())
    ~~~~~~~~~~~~~~~~~^^^^^^^^^^^^^^^^^^^^^^^^^^^^^^
  File "C:\Program Files\Python313\Lib\site-packages\yt_dlp\YoutubeDL.py", line 1120, in report_error
    self.trouble(f'{self._format_err("ERROR:", self.Styles.ERROR)} {message}', *args, **kwargs)
    ~~~~~~~~~~~~^^^^^^^^^^^^^^^^^^^^^^^^^^^^^^^^^^^^^^^^^^^^^^^^^^^^^^^^^^^^^^^^^^^^^^^^^^^^^^^
  File "C:\Program Files\Python313\Lib\site-packages\yt_dlp\YoutubeDL.py", line 1059, in trouble
    raise DownloadError(message, exc_info)
yt_dlp.utils.DownloadError: [0;31mERROR:[0m [youtube] FvjhdaWZ3hA: Sign in to confirm you’re not a bot. Use --cookies-from-browser or --cookies for the authentication. See  https://github.com/yt-dlp/yt-dlp/wiki/FAQ#how-do-i-pass-cookies-to-yt-dlp  for how to manually pass cookies. Also see  https://github.com/yt-dlp/yt-dlp/wiki/Extractors#exporting-youtube-cookies  for tips on effectively exporting YouTube cookies

During handling of the above exception, another exception occurred:

Traceback (most recent call last):
  File "C:\Program Files\Python313\Lib\site-packages\browser_cookie3\__init__.py", line 596, in _decrypt
    return self._decrypt_windows_chromium(value, encrypted_value)
           ~~~~~~~~~~~~~~~~~~~~~~~~~~~~~~^^^^^^^^^^^^^^^^^^^^^^^^
  File "C:\Program Files\Python313\Lib\site-packages\browser_cookie3\__init__.py", line 587, in _decrypt_windows_chromium
    _, data = _crypt_unprotect_data(encrypted_value)
              ~~~~~~~~~~~~~~~~~~~~~^^^^^^^^^^^^^^^^^
  File "C:\Program Files\Python313\Lib\site-packages\browser_cookie3\__init__.py", line 99, in _crypt_unprotect_data
    raise RuntimeError('Failed to decrypt the cipher text with DPAPI')
RuntimeError: Failed to decrypt the cipher text with DPAPI

During handling of the above exception, another exception occurred:

Traceback (most recent call last):
  File "C:\Program Files\Python313\Lib\site-packages\browser_cookie3\__init__.py", line 612, in _decrypt
    data = aes.decrypt_and_verify(encrypted_value[12:-16], tag)
  File "C:\Program Files\Python313\Lib\site-packages\Cryptodome\Cipher\_mode_gcm.py", line 567, in decrypt_and_verify
    self.verify(received_mac_tag)
    ~~~~~~~~~~~^^^^^^^^^^^^^^^^^^
  File "C:\Program Files\Python313\Lib\site-packages\Cryptodome\Cipher\_mode_gcm.py", line 508, in verify
    raise ValueError("MAC check failed")
ValueError: MAC check failed

During handling of the above exception, another exception occurred:

Traceback (most recent call last):
  File "C:\Users\TeplyakovAV\VDL\vdl.py", line 315, in get_cookies_for_platform
    extracted_cj = browser_functions[browser](domain_name=domain)
  File "C:\Program Files\Python313\Lib\site-packages\browser_cookie3\__init__.py", line 1320, in chrome
    return Chrome(cookie_file, domain_name, key_file).load()
           ~~~~~~~~~~~~~~~~~~~~~~~~~~~~~~~~~~~~~~~~~~~~~~~^^
  File "C:\Program Files\Python313\Lib\site-packages\browser_cookie3\__init__.py", line 550, in load
    value = self._decrypt(value, enc_value, has_integrity_check_for_cookie_domain)
  File "C:\Program Files\Python313\Lib\site-packages\browser_cookie3\__init__.py", line 614, in _decrypt
    raise BrowserCookieError(
        'Unable to get key for cookie decryption')
browser_cookie3.BrowserCookieError: Unable to get key for cookie decryption

[2025-07-11 15:01:47.294129] Попытка получить куки для Youtube из браузера: firefox
[2025-07-11 15:01:47.294701] Пробуем домен youtube.com в firefox
[2025-07-11 15:01:47.336751] Куки для Youtube успешно получены из Firefox.
[2025-07-11 15:01:47.338682] Куки успешно сохранены в файл: cookies_yt.txt
[2025-07-11 15:01:47.340167] get_video_info: Используем cookiefile: cookies_yt.txt
[2025-07-11 15:01:47.340791] get_video_info: Запрос информации для URL: https://www.youtube.com/watch?v=FvjhdaWZ3hA с опциями: {'quiet': True, 'skip_download': True, 'extract_flat': True, 'cookiefile': 'cookies_yt.txt'}
[2025-07-11 15:01:50.920617] get_video_info: Запрос информации для URL: https://www.youtube.com/watch?v=FvjhdaWZ3hA с опциями: {'quiet': True, 'skip_download': True, 'extract_flat': True}
[2025-07-11 15:01:54.732199] Завершение работы скрипта.

============================================================
--- Начинается новый сеанс отладки [2025-07-11 15:20:34.383165] ---
[2025-07-11 15:20:34.382452] Поиск ffmpeg: Проверяем локальный путь: C:\Users\TeplyakovAV\VDL\ffmpeg.exe
[2025-07-11 15:20:34.390219] Поиск ffmpeg: Проверяем системный PATH: C:\WINDOWS\system32\ffmpeg.EXE
[2025-07-11 15:20:34.390774] FFmpeg найден в системном PATH: C:\WINDOWS\system32\ffmpeg.EXE
[2025-07-11 15:20:35.553866] Введена ссылка: https://www.youtube.com/playlist?list=PL_saLI-LH-Vr-zw0pkQIBNGbpzalH-XLO
[2025-07-11 15:20:35.555122] Определена платформа: youtube для URL: https://www.youtube.com/playlist?list=PL_saLI-LH-Vr-zw0pkQIBNGbpzalH-XLO
[2025-07-11 15:20:36.436265] Файл куков 'cookies_yt.txt' существует и прошёл проверку. Используем его.
[2025-07-11 15:20:36.436874] get_video_info: Используем cookiefile: cookies_yt.txt
[2025-07-11 15:20:36.437355] get_video_info: Запрос информации для URL: https://www.youtube.com/playlist?list=PL_saLI-LH-Vr-zw0pkQIBNGbpzalH-XLO с опциями: {'quiet': True, 'skip_download': True, 'extract_flat': True, 'cookiefile': 'cookies_yt.txt'}
[2025-07-11 15:20:39.923526] get_video_info: Получена информация о видео. Title: Honest Ads (Now on its very own Channel!), ID: PL_saLI-LH-Vr-zw0pkQIBNGbpzalH-XLO
[2025-07-11 15:20:39.930155] Обнаружен плейлист. Количество видео: 79
[2025-07-11 15:20:47.290932] Выбраны номера видео для скачивания: [14, 15, 16, 17, 18, 19, 20, 21, 22, 23, 24, 25, 26, 27, 28, 29, 30, 31, 32, 33, 34, 35, 36, 37, 38, 39, 40, 41, 42, 43, 44, 45, 46, 47, 48, 49, 50, 51, 52, 53, 54, 55, 56, 57, 58, 59, 60, 61, 62, 63, 64, 65, 66, 67, 68, 69, 70, 71, 72, 73, 74, 75, 76, 77, 78, 79]
[2025-07-11 15:20:49.178683] Файл куков 'cookies_yt.txt' существует и прошёл проверку. Используем его.
[2025-07-11 15:20:49.181059] get_video_info: Используем cookiefile: cookies_yt.txt
[2025-07-11 15:20:49.182126] get_video_info: Запрос информации для URL: https://www.youtube.com/watch?v=FvjhdaWZ3hA с опциями: {'quiet': True, 'skip_download': True, 'extract_flat': True, 'cookiefile': 'cookies_yt.txt'}
[2025-07-11 15:21:00.271479] get_video_info: Получена информация о видео. Title: If The Meat Industry Was Honest - Honest Ads, ID: FvjhdaWZ3hA
[2025-07-11 15:21:05.496952] Выбран видеоформат: id=137, ext=mp4, vcodec=avc1.640028
[2025-07-11 15:21:06.993112] Выбран аудио: id=140, ext=m4a, acodec=mp4a.40.2
[2025-07-11 15:21:12.114916] Начальный/дефолтный выходной формат: mp4 (индекс 0)
[2025-07-11 15:21:13.034282] Выбран формат по умолчанию: mp4
[2025-07-11 15:21:13.035287] Интеграция субтитров: False, языки: [], keep files: True
[2025-07-11 15:21:13.036465] Оригинальное название видео: 'If The Meat Industry Was Honest - Honest Ads', Безопасное название: 'If The Meat Industry Was Honest - Honest Ads'
[2025-07-11 15:21:13.037489] Предлагаемое имя файла (по умолчанию): If The Meat Industry Was Honest - Honest Ads
[2025-07-11 15:21:13.038512] Проверка имени файла: F:/Video/Honest ADs (cracked_com)\If The Meat Industry Was Honest - Honest Ads.mp4
[2025-07-11 15:21:13.952828] Файл 'F:/Video/Honest ADs (cracked_com)\If The Meat Industry Was Honest - Honest Ads.mp4' не существует. Используем это имя.
[2025-07-11 15:21:13.953816] Финальное имя файла, выбранное пользователем: 'If The Meat Industry Was Honest - Honest Ads'
[2025-07-11 15:21:13.954542] subtitle_options переданы: None
[2025-07-11 15:21:13.955055] yt‑dlp outtmpl: F:/Video/Honest ADs (cracked_com)\If The Meat Industry Was Honest - Honest Ads.%(ext)s
[2025-07-11 15:21:13.955538] Поиск ffmpeg: Проверяем локальный путь: C:\Users\TeplyakovAV\VDL\ffmpeg.exe
[2025-07-11 15:21:13.960566] Поиск ffmpeg: Проверяем системный PATH: C:\WINDOWS\system32\ffmpeg.EXE
[2025-07-11 15:21:13.961093] FFmpeg найден в системном PATH: C:\WINDOWS\system32\ffmpeg.EXE
[2025-07-11 15:21:13.961536] Выбрано два потока: 137+140
[2025-07-11 15:21:13.961982] merge_output_format = mp4
[2025-07-11 15:21:13.962450] cookiefile = cookies_yt.txt
[2025-07-11 15:21:13.963146] Запуск yt‑dlp, попытка 1/15: {'format': '137+140', 'outtmpl': 'F:/Video/Honest ADs (cracked_com)\\If The Meat Industry Was Honest - Honest Ads.%(ext)s', 'quiet': False, 'ffmpeg_location': 'C:\\WINDOWS\\system32\\ffmpeg.EXE', 'overwrites': True, 'continuedl': True, 'writedescription': False, 'writeinfojson': False, 'writesubtitles': False, 'progress_hooks': [<function download_video.<locals>.phook at 0x0000024C244709A0>], 'merge_output_format': 'mp4', 'cookiefile': 'cookies_yt.txt'}
[2025-07-11 15:23:05.719061] Файл скачан: F:\Video\Honest ADs (cracked_com)\If The Meat Industry Was Honest - Honest Ads.f137.mp4
[2025-07-11 15:23:17.828546] Файл скачан: F:\Video\Honest ADs (cracked_com)\If The Meat Industry Was Honest - Honest Ads.f140.m4a
[2025-07-11 15:23:20.874484] Файл куков 'cookies_yt.txt' существует и прошёл проверку. Используем его.
[2025-07-11 15:23:20.875037] get_video_info: Используем cookiefile: cookies_yt.txt
[2025-07-11 15:23:20.875595] get_video_info: Запрос информации для URL: https://www.youtube.com/watch?v=Zx5FoDSc-0U с опциями: {'quiet': True, 'skip_download': True, 'extract_flat': True, 'cookiefile': 'cookies_yt.txt'}
[2025-07-11 15:23:27.761942] get_video_info: Получена информация о видео. Title: If Beer Ads Were Forced to Be Honest - Beer Commercial Parody, ID: Zx5FoDSc-0U
[2025-07-11 15:23:27.766243] Оригинальное название видео: 'If Beer Ads Were Forced to Be Honest - Beer Commercial Parody', Безопасное название: 'If Beer Ads Were Forced to Be Honest - Beer Commercial Parody'
[2025-07-11 15:23:27.767035] Финальное имя файла (автоматически): 'If Beer Ads Were Forced to Be Honest - Beer Commercial Parody' (автоматический режим)
[2025-07-11 15:23:27.767731] subtitle_options переданы: None
[2025-07-11 15:23:27.768574] yt‑dlp outtmpl: F:/Video/Honest ADs (cracked_com)\If Beer Ads Were Forced to Be Honest - Beer Commercial Parody.%(ext)s
[2025-07-11 15:23:27.769496] Поиск ffmpeg: Проверяем локальный путь: C:\Users\TeplyakovAV\VDL\ffmpeg.exe
[2025-07-11 15:23:27.776744] Поиск ffmpeg: Проверяем системный PATH: C:\WINDOWS\system32\ffmpeg.EXE
[2025-07-11 15:23:27.777550] FFmpeg найден в системном PATH: C:\WINDOWS\system32\ffmpeg.EXE
[2025-07-11 15:23:27.778418] Выбрано два потока: 137+140
[2025-07-11 15:23:27.779023] merge_output_format = mp4
[2025-07-11 15:23:27.779547] cookiefile = cookies_yt.txt
[2025-07-11 15:23:27.780364] Запуск yt‑dlp, попытка 1/15: {'format': '137+140', 'outtmpl': 'F:/Video/Honest ADs (cracked_com)\\If Beer Ads Were Forced to Be Honest - Beer Commercial Parody.%(ext)s', 'quiet': False, 'ffmpeg_location': 'C:\\WINDOWS\\system32\\ffmpeg.EXE', 'overwrites': True, 'continuedl': True, 'writedescription': False, 'writeinfojson': False, 'writesubtitles': False, 'progress_hooks': [<function download_video.<locals>.phook at 0x0000024C2442C720>], 'merge_output_format': 'mp4', 'cookiefile': 'cookies_yt.txt'}
[2025-07-11 15:26:57.940518] Файл скачан: F:\Video\Honest ADs (cracked_com)\If Beer Ads Were Forced to Be Honest - Beer Commercial Parody.f137.mp4
[2025-07-11 15:27:08.817707] Файл скачан: F:\Video\Honest ADs (cracked_com)\If Beer Ads Were Forced to Be Honest - Beer Commercial Parody.f140.m4a
[2025-07-11 15:27:14.011693] Файл куков 'cookies_yt.txt' существует и прошёл проверку. Используем его.
[2025-07-11 15:27:14.012317] get_video_info: Используем cookiefile: cookies_yt.txt
[2025-07-11 15:27:14.012966] get_video_info: Запрос информации для URL: https://www.youtube.com/watch?v=U1T3fO772Ic с опциями: {'quiet': True, 'skip_download': True, 'extract_flat': True, 'cookiefile': 'cookies_yt.txt'}

============================================================
--- Начинается новый сеанс отладки [2025-07-11 15:27:22.307561] ---
[2025-07-11 15:27:22.307245] Поиск ffmpeg: Проверяем локальный путь: C:\Users\TeplyakovAV\VDL\ffmpeg.exe
[2025-07-11 15:27:22.312834] Поиск ffmpeg: Проверяем системный PATH: C:\WINDOWS\system32\ffmpeg.EXE
[2025-07-11 15:27:22.313386] FFmpeg найден в системном PATH: C:\WINDOWS\system32\ffmpeg.EXE
[2025-07-11 15:27:22.977682] get_video_info: Получена информация о видео. Title: When Mobile Providers Are Actually Honest - Honest Ads (Verizon, AT&T, Sprint, T-mobile parody) att, ID: U1T3fO772Ic
[2025-07-11 15:27:22.981200] Оригинальное название видео: 'When Mobile Providers Are Actually Honest - Honest Ads (Verizon, AT&T, Sprint, T-mobile parody) att', Безопасное название: 'When Mobile Providers Are Actually Honest - Honest Ads (Verizon, AT&T, Sprint, T-mobile parody) att'
[2025-07-11 15:27:22.981969] Финальное имя файла (автоматически): 'When Mobile Providers Are Actually Honest - Honest Ads (Verizon, AT&T, Sprint, T-mobile parody) att' (автоматический режим)
[2025-07-11 15:27:22.982429] subtitle_options переданы: None
[2025-07-11 15:27:22.982890] yt‑dlp outtmpl: F:/Video/Honest ADs (cracked_com)\When Mobile Providers Are Actually Honest - Honest Ads (Verizon, AT&T, Sprint, T-mobile parody) att.%(ext)s
[2025-07-11 15:27:22.983360] Поиск ffmpeg: Проверяем локальный путь: C:\Users\TeplyakovAV\VDL\ffmpeg.exe
[2025-07-11 15:27:22.988355] Поиск ffmpeg: Проверяем системный PATH: C:\WINDOWS\system32\ffmpeg.EXE
[2025-07-11 15:27:22.988871] FFmpeg найден в системном PATH: C:\WINDOWS\system32\ffmpeg.EXE
[2025-07-11 15:27:22.989401] Выбрано два потока: 137+140
[2025-07-11 15:27:22.993000] merge_output_format = mp4
[2025-07-11 15:27:22.993476] cookiefile = cookies_yt.txt
[2025-07-11 15:27:22.994077] Запуск yt‑dlp, попытка 1/15: {'format': '137+140', 'outtmpl': 'F:/Video/Honest ADs (cracked_com)\\When Mobile Providers Are Actually Honest - Honest Ads (Verizon, AT&T, Sprint, T-mobile parody) att.%(ext)s', 'quiet': False, 'ffmpeg_location': 'C:\\WINDOWS\\system32\\ffmpeg.EXE', 'overwrites': True, 'continuedl': True, 'writedescription': False, 'writeinfojson': False, 'writesubtitles': False, 'progress_hooks': [<function download_video.<locals>.phook at 0x0000024C223AFEC0>], 'merge_output_format': 'mp4', 'cookiefile': 'cookies_yt.txt'}
[2025-07-11 15:27:26.654312] Введена ссылка: https://www.youtube.com/playlist?list=PL_saLI-LH-Vr-zw0pkQIBNGbpzalH-XLO
[2025-07-11 15:27:26.655544] Определена платформа: youtube для URL: https://www.youtube.com/playlist?list=PL_saLI-LH-Vr-zw0pkQIBNGbpzalH-XLO
[2025-07-11 15:27:27.506794] Файл куков 'cookies_yt.txt' существует и прошёл проверку. Используем его.
[2025-07-11 15:27:27.507321] get_video_info: Используем cookiefile: cookies_yt.txt
[2025-07-11 15:27:27.507870] get_video_info: Запрос информации для URL: https://www.youtube.com/playlist?list=PL_saLI-LH-Vr-zw0pkQIBNGbpzalH-XLO с опциями: {'quiet': True, 'skip_download': True, 'extract_flat': True, 'cookiefile': 'cookies_yt.txt'}
[2025-07-11 15:27:30.960634] get_video_info: Получена информация о видео. Title: Honest Ads (Now on its very own Channel!), ID: PL_saLI-LH-Vr-zw0pkQIBNGbpzalH-XLO
[2025-07-11 15:27:30.965487] Обнаружен плейлист. Количество видео: 79
[2025-07-11 15:27:46.647355] Загрузка прервана пользователем (KeyboardInterrupt).
[2025-07-11 15:27:46.647898] Завершение работы скрипта.
[2025-07-11 15:30:58.500982] Файл скачан: F:\Video\Honest ADs (cracked_com)\When Mobile Providers Are Actually Honest - Honest Ads (Verizon, AT&T, Sprint, T-mobile parody) att.f137.mp4
[2025-07-11 15:31:10.108792] Файл скачан: F:\Video\Honest ADs (cracked_com)\When Mobile Providers Are Actually Honest - Honest Ads (Verizon, AT&T, Sprint, T-mobile parody) att.f140.m4a
[2025-07-11 15:31:15.277891] Файл куков 'cookies_yt.txt' существует и прошёл проверку. Используем его.
[2025-07-11 15:31:15.278501] get_video_info: Используем cookiefile: cookies_yt.txt
[2025-07-11 15:31:15.279109] get_video_info: Запрос информации для URL: https://www.youtube.com/watch?v=Bqavq5pUC04 с опциями: {'quiet': True, 'skip_download': True, 'extract_flat': True, 'cookiefile': 'cookies_yt.txt'}
[2025-07-11 15:31:18.930694] Попытка получить куки для Youtube из браузера: chrome
[2025-07-11 15:31:18.931234] Пробуем домен youtube.com в chrome
[2025-07-11 15:31:28.929254] BrowserCookieError при получении куков из chrome для Youtube:
Traceback (most recent call last):
  File "C:\Program Files\Python313\Lib\site-packages\yt_dlp\YoutubeDL.py", line 1662, in wrapper
    return func(self, *args, **kwargs)
  File "C:\Program Files\Python313\Lib\site-packages\yt_dlp\YoutubeDL.py", line 1797, in __extract_info
    ie_result = ie.extract(url)
  File "C:\Program Files\Python313\Lib\site-packages\yt_dlp\extractor\common.py", line 752, in extract
    ie_result = self._real_extract(url)
  File "C:\Program Files\Python313\Lib\site-packages\yt_dlp\extractor\youtube\_video.py", line 3829, in _real_extract
    self.raise_no_formats(reason, expected=True)
    ~~~~~~~~~~~~~~~~~~~~~^^^^^^^^^^^^^^^^^^^^^^^
  File "C:\Program Files\Python313\Lib\site-packages\yt_dlp\extractor\common.py", line 1273, in raise_no_formats
    raise ExtractorError(msg, expected=expected, video_id=video_id)
yt_dlp.utils.ExtractorError: [youtube] Bqavq5pUC04: Sign in to confirm you’re not a bot. Use --cookies-from-browser or --cookies for the authentication. See  https://github.com/yt-dlp/yt-dlp/wiki/FAQ#how-do-i-pass-cookies-to-yt-dlp  for how to manually pass cookies. Also see  https://github.com/yt-dlp/yt-dlp/wiki/Extractors#exporting-youtube-cookies  for tips on effectively exporting YouTube cookies

During handling of the above exception, another exception occurred:

Traceback (most recent call last):
  File "C:\Users\TeplyakovAV\VDL\vdl.py", line 374, in safe_get_video_info
    return get_video_info(url, platform, current_cookie if attempt != "none" else None)
  File "C:\Users\TeplyakovAV\VDL\vdl.py", line 352, in get_video_info
    info = ydl.extract_info(url, download=False)
  File "C:\Program Files\Python313\Lib\site-packages\yt_dlp\YoutubeDL.py", line 1651, in extract_info
    return self.__extract_info(url, self.get_info_extractor(key), download, extra_info, process)
           ~~~~~~~~~~~~~~~~~~~^^^^^^^^^^^^^^^^^^^^^^^^^^^^^^^^^^^^^^^^^^^^^^^^^^^^^^^^^^^^^^^^^^
  File "C:\Program Files\Python313\Lib\site-packages\yt_dlp\YoutubeDL.py", line 1680, in wrapper
    self.report_error(str(e), e.format_traceback())
    ~~~~~~~~~~~~~~~~~^^^^^^^^^^^^^^^^^^^^^^^^^^^^^^
  File "C:\Program Files\Python313\Lib\site-packages\yt_dlp\YoutubeDL.py", line 1120, in report_error
    self.trouble(f'{self._format_err("ERROR:", self.Styles.ERROR)} {message}', *args, **kwargs)
    ~~~~~~~~~~~~^^^^^^^^^^^^^^^^^^^^^^^^^^^^^^^^^^^^^^^^^^^^^^^^^^^^^^^^^^^^^^^^^^^^^^^^^^^^^^^
  File "C:\Program Files\Python313\Lib\site-packages\yt_dlp\YoutubeDL.py", line 1059, in trouble
    raise DownloadError(message, exc_info)
yt_dlp.utils.DownloadError: [0;31mERROR:[0m [youtube] Bqavq5pUC04: Sign in to confirm you’re not a bot. Use --cookies-from-browser or --cookies for the authentication. See  https://github.com/yt-dlp/yt-dlp/wiki/FAQ#how-do-i-pass-cookies-to-yt-dlp  for how to manually pass cookies. Also see  https://github.com/yt-dlp/yt-dlp/wiki/Extractors#exporting-youtube-cookies  for tips on effectively exporting YouTube cookies

During handling of the above exception, another exception occurred:

Traceback (most recent call last):
  File "C:\Program Files\Python313\Lib\site-packages\browser_cookie3\__init__.py", line 596, in _decrypt
    return self._decrypt_windows_chromium(value, encrypted_value)
           ~~~~~~~~~~~~~~~~~~~~~~~~~~~~~~^^^^^^^^^^^^^^^^^^^^^^^^
  File "C:\Program Files\Python313\Lib\site-packages\browser_cookie3\__init__.py", line 587, in _decrypt_windows_chromium
    _, data = _crypt_unprotect_data(encrypted_value)
              ~~~~~~~~~~~~~~~~~~~~~^^^^^^^^^^^^^^^^^
  File "C:\Program Files\Python313\Lib\site-packages\browser_cookie3\__init__.py", line 99, in _crypt_unprotect_data
    raise RuntimeError('Failed to decrypt the cipher text with DPAPI')
RuntimeError: Failed to decrypt the cipher text with DPAPI

During handling of the above exception, another exception occurred:

Traceback (most recent call last):
  File "C:\Program Files\Python313\Lib\site-packages\browser_cookie3\__init__.py", line 612, in _decrypt
    data = aes.decrypt_and_verify(encrypted_value[12:-16], tag)
  File "C:\Program Files\Python313\Lib\site-packages\Cryptodome\Cipher\_mode_gcm.py", line 567, in decrypt_and_verify
    self.verify(received_mac_tag)
    ~~~~~~~~~~~^^^^^^^^^^^^^^^^^^
  File "C:\Program Files\Python313\Lib\site-packages\Cryptodome\Cipher\_mode_gcm.py", line 508, in verify
    raise ValueError("MAC check failed")
ValueError: MAC check failed

During handling of the above exception, another exception occurred:

Traceback (most recent call last):
  File "C:\Users\TeplyakovAV\VDL\vdl.py", line 315, in get_cookies_for_platform
    extracted_cj = browser_functions[browser](domain_name=domain)
  File "C:\Program Files\Python313\Lib\site-packages\browser_cookie3\__init__.py", line 1320, in chrome
    return Chrome(cookie_file, domain_name, key_file).load()
           ~~~~~~~~~~~~~~~~~~~~~~~~~~~~~~~~~~~~~~~~~~~~~~~^^
  File "C:\Program Files\Python313\Lib\site-packages\browser_cookie3\__init__.py", line 550, in load
    value = self._decrypt(value, enc_value, has_integrity_check_for_cookie_domain)
  File "C:\Program Files\Python313\Lib\site-packages\browser_cookie3\__init__.py", line 614, in _decrypt
    raise BrowserCookieError(
        'Unable to get key for cookie decryption')
browser_cookie3.BrowserCookieError: Unable to get key for cookie decryption

[2025-07-11 15:31:28.930453] Попытка получить куки для Youtube из браузера: firefox
[2025-07-11 15:31:28.931018] Пробуем домен youtube.com в firefox
[2025-07-11 15:31:28.969522] Куки для Youtube успешно получены из Firefox.
[2025-07-11 15:31:28.971275] Куки успешно сохранены в файл: cookies_yt.txt
[2025-07-11 15:31:28.972590] get_video_info: Используем cookiefile: cookies_yt.txt
[2025-07-11 15:31:28.973273] get_video_info: Запрос информации для URL: https://www.youtube.com/watch?v=Bqavq5pUC04 с опциями: {'quiet': True, 'skip_download': True, 'extract_flat': True, 'cookiefile': 'cookies_yt.txt'}
[2025-07-11 15:31:32.463610] get_video_info: Запрос информации для URL: https://www.youtube.com/watch?v=Bqavq5pUC04 с опциями: {'quiet': True, 'skip_download': True, 'extract_flat': True}
[2025-07-11 15:31:36.006619] Завершение работы скрипта.

============================================================
--- Начинается новый сеанс отладки [2025-07-11 15:32:55.515431] ---
[2025-07-11 15:32:55.515060] Поиск ffmpeg: Проверяем локальный путь: C:\Users\TeplyakovAV\VDL\ffmpeg.exe
[2025-07-11 15:32:55.520747] Поиск ffmpeg: Проверяем системный PATH: C:\WINDOWS\system32\ffmpeg.EXE
[2025-07-11 15:32:55.521453] FFmpeg найден в системном PATH: C:\WINDOWS\system32\ffmpeg.EXE
[2025-07-11 15:32:57.772680] Введена ссылка: https://www.youtube.com/playlist?list=PL_saLI-LH-Vr-zw0pkQIBNGbpzalH-XLO
[2025-07-11 15:32:57.773664] Определена платформа: youtube для URL: https://www.youtube.com/playlist?list=PL_saLI-LH-Vr-zw0pkQIBNGbpzalH-XLO
[2025-07-11 15:32:58.952350] Файл куков 'cookies_yt.txt' существует и прошёл проверку. Используем его.
[2025-07-11 15:32:58.953121] get_video_info: Используем cookiefile: cookies_yt.txt
[2025-07-11 15:32:58.953752] get_video_info: Запрос информации для URL: https://www.youtube.com/playlist?list=PL_saLI-LH-Vr-zw0pkQIBNGbpzalH-XLO с опциями: {'quiet': True, 'skip_download': True, 'extract_flat': True, 'cookiefile': 'cookies_yt.txt'}
[2025-07-11 15:33:02.765035] get_video_info: Получена информация о видео. Title: Honest Ads (Now on its very own Channel!), ID: PL_saLI-LH-Vr-zw0pkQIBNGbpzalH-XLO
[2025-07-11 15:33:02.770397] Обнаружен плейлист. Количество видео: 79
[2025-07-11 15:33:05.341845] Выбраны номера видео для скачивания: [17, 18, 19, 20, 21, 22, 23, 24, 25, 26, 27, 28, 29, 30, 31, 32, 33, 34, 35, 36, 37, 38, 39, 40, 41, 42, 43, 44, 45, 46, 47, 48, 49, 50, 51, 52, 53, 54, 55, 56, 57, 58, 59, 60, 61, 62, 63, 64, 65, 66, 67, 68, 69, 70, 71, 72, 73, 74, 75, 76, 77, 78, 79]
[2025-07-11 15:33:06.770178] Файл куков 'cookies_yt.txt' существует и прошёл проверку. Используем его.
[2025-07-11 15:33:06.770753] get_video_info: Используем cookiefile: cookies_yt.txt
[2025-07-11 15:33:06.771358] get_video_info: Запрос информации для URL: https://www.youtube.com/watch?v=Bqavq5pUC04 с опциями: {'quiet': True, 'skip_download': True, 'extract_flat': True, 'cookiefile': 'cookies_yt.txt'}
[2025-07-11 15:33:14.933789] get_video_info: Получена информация о видео. Title: If Megachurches Were Honest | Honest Ads, ID: Bqavq5pUC04
[2025-07-11 15:33:18.276130] Выбран видеоформат: id=137, ext=mp4, vcodec=avc1.640028
[2025-07-11 15:33:19.876037] Выбран аудио: id=140, ext=m4a, acodec=mp4a.40.2
[2025-07-11 15:33:24.540046] Пользователь выбрал сохранить главы: True
[2025-07-11 15:33:28.194300] Начальный/дефолтный выходной формат: mp4 (индекс 0)
[2025-07-11 15:33:30.228939] Выбран формат по умолчанию: mp4
[2025-07-11 15:33:30.229688] Интеграция субтитров: False, языки: [], keep files: True
[2025-07-11 15:33:30.230478] Оригинальное название видео: 'If Megachurches Were Honest | Honest Ads', Безопасное название: 'If Megachurches Were Honest  Honest Ads'
[2025-07-11 15:33:30.230991] Предлагаемое имя файла (по умолчанию): If Megachurches Were Honest  Honest Ads
[2025-07-11 15:33:30.231500] Проверка имени файла: F:/Video/Honest ADs (cracked_com)\If Megachurches Were Honest  Honest Ads.mp4
[2025-07-11 15:33:31.043778] Файл 'F:/Video/Honest ADs (cracked_com)\If Megachurches Were Honest  Honest Ads.mp4' не существует. Используем это имя.
[2025-07-11 15:33:31.044704] Финальное имя файла, выбранное пользователем: 'If Megachurches Were Honest  Honest Ads'
[2025-07-11 15:33:31.047535] Файл глав сохранён в формате ffmetadata: F:/Video/Honest ADs (cracked_com)\If Megachurches Were Honest  Honest Ads.chapters.txt
[2025-07-11 15:33:31.048098] subtitle_options переданы: None
[2025-07-11 15:33:31.048561] yt‑dlp outtmpl: F:/Video/Honest ADs (cracked_com)\If Megachurches Were Honest  Honest Ads.%(ext)s
[2025-07-11 15:33:31.049013] Поиск ffmpeg: Проверяем локальный путь: C:\Users\TeplyakovAV\VDL\ffmpeg.exe
[2025-07-11 15:33:31.053645] Поиск ffmpeg: Проверяем системный PATH: C:\WINDOWS\system32\ffmpeg.EXE
[2025-07-11 15:33:31.054448] FFmpeg найден в системном PATH: C:\WINDOWS\system32\ffmpeg.EXE
[2025-07-11 15:33:31.055010] Выбрано два потока: 137+140
[2025-07-11 15:33:31.055519] merge_output_format = mp4
[2025-07-11 15:33:31.055991] cookiefile = cookies_yt.txt
[2025-07-11 15:33:31.056710] Запуск yt‑dlp, попытка 1/15: {'format': '137+140', 'outtmpl': 'F:/Video/Honest ADs (cracked_com)\\If Megachurches Were Honest  Honest Ads.%(ext)s', 'quiet': False, 'ffmpeg_location': 'C:\\WINDOWS\\system32\\ffmpeg.EXE', 'overwrites': True, 'continuedl': True, 'writedescription': False, 'writeinfojson': False, 'writesubtitles': False, 'progress_hooks': [<function download_video.<locals>.phook at 0x000001D0DD52B9C0>], 'merge_output_format': 'mp4', 'cookiefile': 'cookies_yt.txt'}
[2025-07-11 15:35:50.980918] Файл скачан: F:\Video\Honest ADs (cracked_com)\If Megachurches Were Honest  Honest Ads.f137.mp4
[2025-07-11 15:36:05.976165] Файл скачан: F:\Video\Honest ADs (cracked_com)\If Megachurches Were Honest  Honest Ads.f140.m4a
[2025-07-11 15:36:09.855464] Файл куков 'cookies_yt.txt' существует и прошёл проверку. Используем его.
[2025-07-11 15:36:09.856235] get_video_info: Используем cookiefile: cookies_yt.txt
[2025-07-11 15:36:09.856932] get_video_info: Запрос информации для URL: https://www.youtube.com/watch?v=Y6g7D2Nh5T0 с опциями: {'quiet': True, 'skip_download': True, 'extract_flat': True, 'cookiefile': 'cookies_yt.txt'}
[2025-07-11 15:36:17.037345] get_video_info: Получена информация о видео. Title: The Bizarre Unspoken Truth About Pet Ownership - Honest Ads, ID: Y6g7D2Nh5T0
[2025-07-11 15:36:17.041061] Оригинальное название видео: 'The Bizarre Unspoken Truth About Pet Ownership - Honest Ads', Безопасное название: 'The Bizarre Unspoken Truth About Pet Ownership - Honest Ads'
[2025-07-11 15:36:17.041803] Финальное имя файла (автоматически): 'The Bizarre Unspoken Truth About Pet Ownership - Honest Ads' (автоматический режим)
[2025-07-11 15:36:17.042250] subtitle_options переданы: None
[2025-07-11 15:36:17.042813] yt‑dlp outtmpl: F:/Video/Honest ADs (cracked_com)\The Bizarre Unspoken Truth About Pet Ownership - Honest Ads.%(ext)s
[2025-07-11 15:36:17.043350] Поиск ffmpeg: Проверяем локальный путь: C:\Users\TeplyakovAV\VDL\ffmpeg.exe
[2025-07-11 15:36:17.047967] Поиск ffmpeg: Проверяем системный PATH: C:\WINDOWS\system32\ffmpeg.EXE
[2025-07-11 15:36:17.048486] FFmpeg найден в системном PATH: C:\WINDOWS\system32\ffmpeg.EXE
[2025-07-11 15:36:17.048908] Выбрано два потока: 137+140
[2025-07-11 15:36:17.049360] merge_output_format = mp4
[2025-07-11 15:36:17.049811] cookiefile = cookies_yt.txt
[2025-07-11 15:36:17.050475] Запуск yt‑dlp, попытка 1/15: {'format': '137+140', 'outtmpl': 'F:/Video/Honest ADs (cracked_com)\\The Bizarre Unspoken Truth About Pet Ownership - Honest Ads.%(ext)s', 'quiet': False, 'ffmpeg_location': 'C:\\WINDOWS\\system32\\ffmpeg.EXE', 'overwrites': True, 'continuedl': True, 'writedescription': False, 'writeinfojson': False, 'writesubtitles': False, 'progress_hooks': [<function download_video.<locals>.phook at 0x000001D0DDB8CE00>], 'merge_output_format': 'mp4', 'cookiefile': 'cookies_yt.txt'}
[2025-07-11 15:37:35.021441] Файл скачан: F:\Video\Honest ADs (cracked_com)\The Bizarre Unspoken Truth About Pet Ownership - Honest Ads.f137.mp4
[2025-07-11 15:37:49.441279] Файл скачан: F:\Video\Honest ADs (cracked_com)\The Bizarre Unspoken Truth About Pet Ownership - Honest Ads.f140.m4a
[2025-07-11 15:37:51.599068] Файл куков 'cookies_yt.txt' существует и прошёл проверку. Используем его.
[2025-07-11 15:37:51.599628] get_video_info: Используем cookiefile: cookies_yt.txt
[2025-07-11 15:37:51.600085] get_video_info: Запрос информации для URL: https://www.youtube.com/watch?v=FM95_k9onEc с опциями: {'quiet': True, 'skip_download': True, 'extract_flat': True, 'cookiefile': 'cookies_yt.txt'}
[2025-07-11 15:37:59.508467] get_video_info: Получена информация о видео. Title: If Milk Commercials Were Honest - Honest Ads, ID: FM95_k9onEc
[2025-07-11 15:37:59.517058] Оригинальное название видео: 'If Milk Commercials Were Honest - Honest Ads', Безопасное название: 'If Milk Commercials Were Honest - Honest Ads'
[2025-07-11 15:37:59.518124] Финальное имя файла (автоматически): 'If Milk Commercials Were Honest - Honest Ads' (автоматический режим)
[2025-07-11 15:37:59.518857] subtitle_options переданы: None
[2025-07-11 15:37:59.519549] yt‑dlp outtmpl: F:/Video/Honest ADs (cracked_com)\If Milk Commercials Were Honest - Honest Ads.%(ext)s
[2025-07-11 15:37:59.520189] Поиск ffmpeg: Проверяем локальный путь: C:\Users\TeplyakovAV\VDL\ffmpeg.exe
[2025-07-11 15:37:59.527649] Поиск ffmpeg: Проверяем системный PATH: C:\WINDOWS\system32\ffmpeg.EXE
[2025-07-11 15:37:59.528523] FFmpeg найден в системном PATH: C:\WINDOWS\system32\ffmpeg.EXE
[2025-07-11 15:37:59.529079] Выбрано два потока: 137+140
[2025-07-11 15:37:59.529581] merge_output_format = mp4
[2025-07-11 15:37:59.530634] cookiefile = cookies_yt.txt
[2025-07-11 15:37:59.531638] Запуск yt‑dlp, попытка 1/15: {'format': '137+140', 'outtmpl': 'F:/Video/Honest ADs (cracked_com)\\If Milk Commercials Were Honest - Honest Ads.%(ext)s', 'quiet': False, 'ffmpeg_location': 'C:\\WINDOWS\\system32\\ffmpeg.EXE', 'overwrites': True, 'continuedl': True, 'writedescription': False, 'writeinfojson': False, 'writesubtitles': False, 'progress_hooks': [<function download_video.<locals>.phook at 0x000001D0DD564400>], 'merge_output_format': 'mp4', 'cookiefile': 'cookies_yt.txt'}
